{"/Users/giuseppesilva/DEV/Tests/EduMatch/src/app.controller.ts": {"path":"/Users/giuseppesilva/DEV/Tests/EduMatch/src/app.controller.ts","statementMap":{"0":{"start":{"line":1,"column":0},"end":{"line":1,"column":49}},"1":{"start":{"line":2,"column":0},"end":{"line":2,"column":43}},"2":{"start":{"line":9,"column":7},"end":{"line":20,"column":null}},"3":{"start":{"line":10,"column":31},"end":{"line":10,"column":43}},"4":{"start":{"line":18,"column":4},"end":{"line":18,"column":38}},"5":{"start":{"line":9,"column":13},"end":{"line":9,"column":26}},"6":{"start":{"line":17,"column":2},"end":{"line":19,"column":null}},"7":{"start":{"line":9,"column":13},"end":{"line":20,"column":null}}},"fnMap":{"0":{"name":"(anonymous_2)","decl":{"start":{"line":10,"column":2},"end":{"line":10,"column":31}},"loc":{"start":{"line":10,"column":53},"end":{"line":10,"column":57}}},"1":{"name":"(anonymous_3)","decl":{"start":{"line":17,"column":2},"end":{"line":17,"column":10}},"loc":{"start":{"line":17,"column":10},"end":{"line":19,"column":3}}}},"branchMap":{},"s":{"0":1,"1":1,"2":1,"3":1,"4":1,"5":1,"6":1,"7":1},"f":{"0":1,"1":1},"b":{}}
,"/Users/giuseppesilva/DEV/Tests/EduMatch/src/app.module.ts": {"path":"/Users/giuseppesilva/DEV/Tests/EduMatch/src/app.module.ts","statementMap":{"0":{"start":{"line":1,"column":0},"end":{"line":1,"column":66}},"1":{"start":{"line":2,"column":0},"end":{"line":2,"column":40}},"2":{"start":{"line":3,"column":0},"end":{"line":3,"column":48}},"3":{"start":{"line":5,"column":0},"end":{"line":5,"column":28}},"4":{"start":{"line":6,"column":0},"end":{"line":6,"column":49}},"5":{"start":{"line":7,"column":0},"end":{"line":7,"column":43}},"6":{"start":{"line":8,"column":0},"end":{"line":8,"column":48}},"7":{"start":{"line":9,"column":0},"end":{"line":9,"column":62}},"8":{"start":{"line":10,"column":0},"end":{"line":10,"column":48}},"9":{"start":{"line":11,"column":0},"end":{"line":11,"column":54}},"10":{"start":{"line":12,"column":0},"end":{"line":12,"column":58}},"11":{"start":{"line":13,"column":0},"end":{"line":13,"column":69}},"12":{"start":{"line":14,"column":0},"end":{"line":14,"column":65}},"13":{"start":{"line":15,"column":0},"end":{"line":15,"column":51}},"14":{"start":{"line":45,"column":7},"end":{"line":45,"column":null}},"15":{"start":{"line":45,"column":13},"end":{"line":45,"column":22}},"16":{"start":{"line":45,"column":13},"end":{"line":45,"column":null}},"17":{"start":{"line":33,"column":67},"end":{"line":36,"column":8}}},"fnMap":{"0":{"name":"(anonymous_1)","decl":{"start":{"line":33,"column":15},"end":{"line":33,"column":16}},"loc":{"start":{"line":33,"column":67},"end":{"line":36,"column":8}}}},"branchMap":{},"s":{"0":0,"1":0,"2":0,"3":0,"4":0,"5":0,"6":0,"7":0,"8":0,"9":0,"10":0,"11":0,"12":0,"13":0,"14":0,"15":0,"16":0,"17":0},"f":{"0":0},"b":{}}
,"/Users/giuseppesilva/DEV/Tests/EduMatch/src/app.service.ts": {"path":"/Users/giuseppesilva/DEV/Tests/EduMatch/src/app.service.ts","statementMap":{"0":{"start":{"line":1,"column":0},"end":{"line":1,"column":44}},"1":{"start":{"line":8,"column":7},"end":{"line":16,"column":null}},"2":{"start":{"line":14,"column":4},"end":{"line":14,"column":26}},"3":{"start":{"line":8,"column":13},"end":{"line":8,"column":23}},"4":{"start":{"line":8,"column":13},"end":{"line":16,"column":null}}},"fnMap":{"0":{"name":"(anonymous_1)","decl":{"start":{"line":13,"column":2},"end":{"line":13,"column":10}},"loc":{"start":{"line":13,"column":10},"end":{"line":15,"column":3}}}},"branchMap":{},"s":{"0":1,"1":1,"2":1,"3":1,"4":1},"f":{"0":1},"b":{}}
,"/Users/giuseppesilva/DEV/Tests/EduMatch/src/main.ts": {"path":"/Users/giuseppesilva/DEV/Tests/EduMatch/src/main.ts","statementMap":{"0":{"start":{"line":1,"column":0},"end":{"line":1,"column":56}},"1":{"start":{"line":2,"column":0},"end":{"line":2,"column":43}},"2":{"start":{"line":3,"column":0},"end":{"line":3,"column":46}},"3":{"start":{"line":4,"column":0},"end":{"line":4,"column":41}},"4":{"start":{"line":5,"column":0},"end":{"line":5,"column":81}},"5":{"start":{"line":8,"column":14},"end":{"line":10,"column":4}},"6":{"start":{"line":13,"column":17},"end":{"line":13,"column":40}},"7":{"start":{"line":16,"column":2},"end":{"line":16,"column":52}},"8":{"start":{"line":19,"column":2},"end":{"line":25,"column":4}},"9":{"start":{"line":28,"column":2},"end":{"line":28,"column":26}},"10":{"start":{"line":33,"column":15},"end":{"line":33,"column":39}},"11":{"start":{"line":34,"column":2},"end":{"line":34,"column":25}},"12":{"start":{"line":35,"column":2},"end":{"line":35,"column":56}},"13":{"start":{"line":39,"column":0},"end":{"line":43,"column":3}},"14":{"start":{"line":40,"column":17},"end":{"line":40,"column":40}},"15":{"start":{"line":41,"column":2},"end":{"line":41,"column":54}},"16":{"start":{"line":42,"column":2},"end":{"line":42,"column":18}}},"fnMap":{"0":{"name":"bootstrap","decl":{"start":{"line":7,"column":15},"end":{"line":7,"column":24}},"loc":{"start":{"line":7,"column":24},"end":{"line":36,"column":1}}},"1":{"name":"(anonymous_1)","decl":{"start":{"line":39,"column":18},"end":{"line":39,"column":19}},"loc":{"start":{"line":39,"column":28},"end":{"line":43,"column":1}}}},"branchMap":{"0":{"loc":{"start":{"line":33,"column":15},"end":{"line":33,"column":39}},"type":"binary-expr","locations":[{"start":{"line":33,"column":15},"end":{"line":33,"column":31}},{"start":{"line":33,"column":35},"end":{"line":33,"column":39}}]}},"s":{"0":0,"1":0,"2":0,"3":0,"4":0,"5":0,"6":0,"7":0,"8":0,"9":0,"10":0,"11":0,"12":0,"13":0,"14":0,"15":0,"16":0},"f":{"0":0,"1":0},"b":{"0":[0,0]}}
,"/Users/giuseppesilva/DEV/Tests/EduMatch/src/auth/auth.module.ts": {"path":"/Users/giuseppesilva/DEV/Tests/EduMatch/src/auth/auth.module.ts","statementMap":{"0":{"start":{"line":1,"column":0},"end":{"line":1,"column":40}},"1":{"start":{"line":2,"column":0},"end":{"line":2,"column":61}},"2":{"start":{"line":3,"column":0},"end":{"line":3,"column":40}},"3":{"start":{"line":4,"column":0},"end":{"line":4,"column":50}},"4":{"start":{"line":5,"column":0},"end":{"line":5,"column":59}},"5":{"start":{"line":6,"column":0},"end":{"line":6,"column":52}},"6":{"start":{"line":7,"column":0},"end":{"line":7,"column":45}},"7":{"start":{"line":8,"column":0},"end":{"line":8,"column":56}},"8":{"start":{"line":9,"column":0},"end":{"line":9,"column":71}},"9":{"start":{"line":11,"column":0},"end":{"line":11,"column":74}},"10":{"start":{"line":12,"column":0},"end":{"line":12,"column":62}},"11":{"start":{"line":13,"column":0},"end":{"line":13,"column":56}},"12":{"start":{"line":15,"column":0},"end":{"line":15,"column":70}},"13":{"start":{"line":16,"column":0},"end":{"line":16,"column":84}},"14":{"start":{"line":63,"column":7},"end":{"line":63,"column":null}},"15":{"start":{"line":63,"column":13},"end":{"line":63,"column":23}},"16":{"start":{"line":63,"column":13},"end":{"line":63,"column":null}},"17":{"start":{"line":31,"column":25},"end":{"line":33,"column":8}}},"fnMap":{"0":{"name":"(anonymous_1)","decl":{"start":{"line":31,"column":18},"end":{"line":31,"column":21}},"loc":{"start":{"line":31,"column":25},"end":{"line":33,"column":8}}}},"branchMap":{},"s":{"0":0,"1":0,"2":0,"3":0,"4":0,"5":0,"6":0,"7":0,"8":0,"9":0,"10":0,"11":0,"12":0,"13":0,"14":0,"15":0,"16":0,"17":0},"f":{"0":0},"b":{}}
,"/Users/giuseppesilva/DEV/Tests/EduMatch/src/auth/auth.service.ts": {"path":"/Users/giuseppesilva/DEV/Tests/EduMatch/src/auth/auth.service.ts","statementMap":{"0":{"start":{"line":1,"column":0},"end":{"line":1,"column":52}},"1":{"start":{"line":6,"column":0},"end":{"line":6,"column":74}},"2":{"start":{"line":18,"column":24},"end":{"line":132,"column":null}},"3":{"start":{"line":19,"column":28},"end":{"line":19,"column":56}},"4":{"start":{"line":21,"column":31},"end":{"line":21,"column":54}},"5":{"start":{"line":34,"column":4},"end":{"line":34,"column":58}},"6":{"start":{"line":35,"column":4},"end":{"line":35,"column":73}},"7":{"start":{"line":50,"column":4},"end":{"line":50,"column":71}},"8":{"start":{"line":51,"column":4},"end":{"line":51,"column":64}},"9":{"start":{"line":62,"column":4},"end":{"line":62,"column":72}},"10":{"start":{"line":63,"column":4},"end":{"line":63,"column":60}},"11":{"start":{"line":74,"column":4},"end":{"line":74,"column":69}},"12":{"start":{"line":75,"column":4},"end":{"line":75,"column":57}},"13":{"start":{"line":83,"column":4},"end":{"line":83,"column":43}},"14":{"start":{"line":84,"column":4},"end":{"line":84,"column":48}},"15":{"start":{"line":101,"column":4},"end":{"line":101,"column":65}},"16":{"start":{"line":102,"column":4},"end":{"line":106,"column":6}},"17":{"start":{"line":119,"column":4},"end":{"line":119,"column":78}},"18":{"start":{"line":120,"column":4},"end":{"line":120,"column":75}},"19":{"start":{"line":129,"column":4},"end":{"line":129,"column":74}},"20":{"start":{"line":130,"column":4},"end":{"line":130,"column":61}},"21":{"start":{"line":18,"column":13},"end":{"line":18,"column":24}},"22":{"start":{"line":18,"column":13},"end":{"line":132,"column":null}}},"fnMap":{"0":{"name":"(anonymous_2)","decl":{"start":{"line":21,"column":2},"end":{"line":21,"column":31}},"loc":{"start":{"line":21,"column":75},"end":{"line":21,"column":79}}},"1":{"name":"(anonymous_3)","decl":{"start":{"line":30,"column":2},"end":{"line":30,"column":7}},"loc":{"start":{"line":32,"column":20},"end":{"line":36,"column":3}}},"2":{"name":"(anonymous_4)","decl":{"start":{"line":46,"column":2},"end":{"line":46,"column":7}},"loc":{"start":{"line":48,"column":22},"end":{"line":52,"column":3}}},"3":{"name":"(anonymous_5)","decl":{"start":{"line":61,"column":2},"end":{"line":61,"column":7}},"loc":{"start":{"line":61,"column":41},"end":{"line":64,"column":3}}},"4":{"name":"(anonymous_6)","decl":{"start":{"line":71,"column":2},"end":{"line":71,"column":7}},"loc":{"start":{"line":72,"column":32},"end":{"line":76,"column":3}}},"5":{"name":"(anonymous_7)","decl":{"start":{"line":82,"column":2},"end":{"line":82,"column":8}},"loc":{"start":{"line":82,"column":27},"end":{"line":85,"column":3}}},"6":{"name":"(anonymous_8)","decl":{"start":{"line":96,"column":2},"end":{"line":96,"column":7}},"loc":{"start":{"line":99,"column":23},"end":{"line":107,"column":3}}},"7":{"name":"(anonymous_9)","decl":{"start":{"line":115,"column":2},"end":{"line":115,"column":7}},"loc":{"start":{"line":117,"column":35},"end":{"line":121,"column":3}}},"8":{"name":"(anonymous_10)","decl":{"start":{"line":128,"column":2},"end":{"line":128,"column":7}},"loc":{"start":{"line":128,"column":37},"end":{"line":131,"column":3}}}},"branchMap":{"0":{"loc":{"start":{"line":117,"column":4},"end":{"line":117,"column":35}},"type":"default-arg","locations":[{"start":{"line":117,"column":30},"end":{"line":117,"column":35}}]},"1":{"loc":{"start":{"line":119,"column":40},"end":{"line":119,"column":74}},"type":"cond-expr","locations":[{"start":{"line":119,"column":57},"end":{"line":119,"column":69}},{"start":{"line":119,"column":72},"end":{"line":119,"column":74}}]}},"s":{"0":2,"1":2,"2":2,"3":16,"4":16,"5":3,"6":3,"7":2,"8":2,"9":2,"10":2,"11":1,"12":1,"13":1,"14":1,"15":2,"16":2,"17":2,"18":2,"19":2,"20":2,"21":2,"22":2},"f":{"0":16,"1":3,"2":2,"3":2,"4":1,"5":1,"6":2,"7":2,"8":2},"b":{"0":[0],"1":[1,1]}}
,"/Users/giuseppesilva/DEV/Tests/EduMatch/src/auth/dto/change-password.dto.ts": {"path":"/Users/giuseppesilva/DEV/Tests/EduMatch/src/auth/dto/change-password.dto.ts","statementMap":{"0":{"start":{"line":1,"column":0},"end":{"line":1,"column":55}},"1":{"start":{"line":2,"column":0},"end":{"line":2,"column":75}},"2":{"start":{"line":8,"column":0},"end":{"line":8,"column":13}},"3":{"start":{"line":15,"column":2},"end":{"line":15,"column":null}},"4":{"start":{"line":26,"column":2},"end":{"line":26,"column":null}},"5":{"start":{"line":34,"column":2},"end":{"line":34,"column":null}}},"fnMap":{},"branchMap":{},"s":{"0":0,"1":0,"2":0,"3":0,"4":0,"5":0},"f":{},"b":{}}
,"/Users/giuseppesilva/DEV/Tests/EduMatch/src/auth/dto/login.dto.ts": {"path":"/Users/giuseppesilva/DEV/Tests/EduMatch/src/auth/dto/login.dto.ts","statementMap":{"0":{"start":{"line":1,"column":0},"end":{"line":1,"column":46}},"1":{"start":{"line":2,"column":0},"end":{"line":2,"column":77}},"2":{"start":{"line":8,"column":0},"end":{"line":8,"column":13}},"3":{"start":{"line":21,"column":2},"end":{"line":21,"column":null}},"4":{"start":{"line":19,"column":4},"end":{"line":19,"column":66}},"5":{"start":{"line":34,"column":2},"end":{"line":34,"column":null}},"6":{"start":{"line":32,"column":4},"end":{"line":32,"column":52}}},"fnMap":{"0":{"name":"(anonymous_2)","decl":{"start":{"line":18,"column":13},"end":{"line":18,"column":14}},"loc":{"start":{"line":19,"column":4},"end":{"line":19,"column":66}}},"1":{"name":"(anonymous_3)","decl":{"start":{"line":31,"column":13},"end":{"line":31,"column":14}},"loc":{"start":{"line":32,"column":4},"end":{"line":32,"column":52}}}},"branchMap":{"0":{"loc":{"start":{"line":19,"column":4},"end":{"line":19,"column":66}},"type":"cond-expr","locations":[{"start":{"line":19,"column":32},"end":{"line":19,"column":58}},{"start":{"line":19,"column":61},"end":{"line":19,"column":66}}]},"1":{"loc":{"start":{"line":32,"column":4},"end":{"line":32,"column":52}},"type":"cond-expr","locations":[{"start":{"line":32,"column":32},"end":{"line":32,"column":44}},{"start":{"line":32,"column":47},"end":{"line":32,"column":52}}]}},"s":{"0":1,"1":1,"2":1,"3":1,"4":0,"5":1,"6":0},"f":{"0":0,"1":0},"b":{"0":[0,0],"1":[0,0]}}
,"/Users/giuseppesilva/DEV/Tests/EduMatch/src/auth/dto/register.dto.ts": {"path":"/Users/giuseppesilva/DEV/Tests/EduMatch/src/auth/dto/register.dto.ts","statementMap":{"0":{"start":{"line":1,"column":0},"end":{"line":1,"column":72}},"1":{"start":{"line":2,"column":0},"end":{"line":2,"column":61}},"2":{"start":{"line":3,"column":0},"end":{"line":3,"column":75}},"3":{"start":{"line":9,"column":0},"end":{"line":9,"column":13}},"4":{"start":{"line":23,"column":2},"end":{"line":23,"column":null}},"5":{"start":{"line":34,"column":2},"end":{"line":34,"column":null}},"6":{"start":{"line":47,"column":2},"end":{"line":47,"column":null}}},"fnMap":{},"branchMap":{},"s":{"0":1,"1":1,"2":1,"3":1,"4":1,"5":1,"6":1},"f":{},"b":{}}
,"/Users/giuseppesilva/DEV/Tests/EduMatch/src/auth/entities/auth-payload.entity.ts": {"path":"/Users/giuseppesilva/DEV/Tests/EduMatch/src/auth/entities/auth-payload.entity.ts","statementMap":{"0":{"start":{"line":1,"column":0},"end":{"line":1,"column":52}},"1":{"start":{"line":7,"column":7},"end":{"line":16,"column":null}},"2":{"start":{"line":7,"column":13},"end":{"line":7,"column":24}},"3":{"start":{"line":9,"column":2},"end":{"line":9,"column":null}},"4":{"start":{"line":8,"column":15},"end":{"line":8,"column":21}},"5":{"start":{"line":7,"column":13},"end":{"line":16,"column":null}},"6":{"start":{"line":19,"column":7},"end":{"line":30,"column":null}},"7":{"start":{"line":19,"column":13},"end":{"line":19,"column":32}},"8":{"start":{"line":23,"column":2},"end":{"line":23,"column":null}},"9":{"start":{"line":20,"column":15},"end":{"line":20,"column":22}},"10":{"start":{"line":29,"column":2},"end":{"line":29,"column":null}},"11":{"start":{"line":25,"column":15},"end":{"line":25,"column":21}},"12":{"start":{"line":19,"column":13},"end":{"line":30,"column":null}}},"fnMap":{"0":{"name":"(anonymous_2)","decl":{"start":{"line":8,"column":9},"end":{"line":8,"column":12}},"loc":{"start":{"line":8,"column":15},"end":{"line":8,"column":21}}},"1":{"name":"(anonymous_3)","decl":{"start":{"line":20,"column":9},"end":{"line":20,"column":12}},"loc":{"start":{"line":20,"column":15},"end":{"line":20,"column":22}}},"2":{"name":"(anonymous_4)","decl":{"start":{"line":25,"column":9},"end":{"line":25,"column":12}},"loc":{"start":{"line":25,"column":15},"end":{"line":25,"column":21}}}},"branchMap":{},"s":{"0":1,"1":1,"2":1,"3":1,"4":0,"5":1,"6":1,"7":1,"8":1,"9":0,"10":1,"11":0,"12":1},"f":{"0":0,"1":0,"2":0},"b":{}}
,"/Users/giuseppesilva/DEV/Tests/EduMatch/src/auth/guards/jwt-auth.guard.ts": {"path":"/Users/giuseppesilva/DEV/Tests/EduMatch/src/auth/guards/jwt-auth.guard.ts","statementMap":{"0":{"start":{"line":1,"column":0},"end":{"line":1,"column":62}},"1":{"start":{"line":2,"column":0},"end":{"line":2,"column":41}},"2":{"start":{"line":3,"column":0},"end":{"line":3,"column":45}},"3":{"start":{"line":5,"column":0},"end":{"line":5,"column":73}},"4":{"start":{"line":13,"column":7},"end":{"line":41,"column":null}},"5":{"start":{"line":15,"column":4},"end":{"line":15,"column":12}},"6":{"start":{"line":14,"column":22},"end":{"line":14,"column":33}},"7":{"start":{"line":28,"column":21},"end":{"line":31,"column":6}},"8":{"start":{"line":34,"column":4},"end":{"line":36,"column":5}},"9":{"start":{"line":35,"column":6},"end":{"line":35,"column":18}},"10":{"start":{"line":39,"column":4},"end":{"line":39,"column":38}},"11":{"start":{"line":13,"column":13},"end":{"line":13,"column":25}},"12":{"start":{"line":13,"column":13},"end":{"line":41,"column":null}}},"fnMap":{"0":{"name":"(anonymous_2)","decl":{"start":{"line":14,"column":2},"end":{"line":14,"column":22}},"loc":{"start":{"line":14,"column":42},"end":{"line":16,"column":3}}},"1":{"name":"(anonymous_3)","decl":{"start":{"line":24,"column":2},"end":{"line":24,"column":13}},"loc":{"start":{"line":25,"column":29},"end":{"line":40,"column":3}}}},"branchMap":{"0":{"loc":{"start":{"line":34,"column":4},"end":{"line":36,"column":5}},"type":"if","locations":[{"start":{"line":34,"column":4},"end":{"line":36,"column":5}}]}},"s":{"0":1,"1":1,"2":1,"3":1,"4":1,"5":7,"6":7,"7":0,"8":0,"9":0,"10":0,"11":1,"12":1},"f":{"0":7,"1":0},"b":{"0":[0]}}
,"/Users/giuseppesilva/DEV/Tests/EduMatch/src/auth/guards/refresh-jwt.guard.ts": {"path":"/Users/giuseppesilva/DEV/Tests/EduMatch/src/auth/guards/refresh-jwt.guard.ts","statementMap":{"0":{"start":{"line":1,"column":0},"end":{"line":1,"column":44}},"1":{"start":{"line":2,"column":0},"end":{"line":2,"column":45}},"2":{"start":{"line":10,"column":7},"end":{"line":10,"column":null}},"3":{"start":{"line":10,"column":13},"end":{"line":10,"column":28}},"4":{"start":{"line":10,"column":13},"end":{"line":10,"column":null}}},"fnMap":{},"branchMap":{},"s":{"0":1,"1":1,"2":1,"3":1,"4":1},"f":{},"b":{}}
,"/Users/giuseppesilva/DEV/Tests/EduMatch/src/auth/resolvers/auth.resolver.ts": {"path":"/Users/giuseppesilva/DEV/Tests/EduMatch/src/auth/resolvers/auth.resolver.ts","statementMap":{"0":{"start":{"line":1,"column":0},"end":{"line":1,"column":43}},"1":{"start":{"line":2,"column":0},"end":{"line":2,"column":68}},"2":{"start":{"line":4,"column":0},"end":{"line":4,"column":66}},"3":{"start":{"line":5,"column":0},"end":{"line":5,"column":65}},"4":{"start":{"line":6,"column":0},"end":{"line":6,"column":56}},"5":{"start":{"line":7,"column":0},"end":{"line":7,"column":46}},"6":{"start":{"line":8,"column":0},"end":{"line":8,"column":44}},"7":{"start":{"line":9,"column":0},"end":{"line":9,"column":50}},"8":{"start":{"line":10,"column":0},"end":{"line":10,"column":null}},"9":{"start":{"line":14,"column":0},"end":{"line":14,"column":62}},"10":{"start":{"line":21,"column":7},"end":{"line":145,"column":null}},"11":{"start":{"line":22,"column":31},"end":{"line":22,"column":44}},"12":{"start":{"line":51,"column":4},"end":{"line":51,"column":57}},"13":{"start":{"line":87,"column":4},"end":{"line":87,"column":50}},"14":{"start":{"line":116,"column":17},"end":{"line":116,"column":33}},"15":{"start":{"line":118,"column":4},"end":{"line":118,"column":47}},"16":{"start":{"line":142,"column":4},"end":{"line":142,"column":41}},"17":{"start":{"line":143,"column":4},"end":{"line":143,"column":71}},"18":{"start":{"line":21,"column":13},"end":{"line":21,"column":25}},"19":{"start":{"line":45,"column":8},"end":{"line":52,"column":null}},"20":{"start":{"line":42,"column":18},"end":{"line":42,"column":29}},"21":{"start":{"line":82,"column":8},"end":{"line":88,"column":null}},"22":{"start":{"line":79,"column":18},"end":{"line":79,"column":22}},"23":{"start":{"line":111,"column":8},"end":{"line":119,"column":null}},"24":{"start":{"line":107,"column":18},"end":{"line":107,"column":29}},"25":{"start":{"line":141,"column":2},"end":{"line":144,"column":null}},"26":{"start":{"line":137,"column":18},"end":{"line":137,"column":37}},"27":{"start":{"line":21,"column":13},"end":{"line":145,"column":null}}},"fnMap":{"0":{"name":"(anonymous_4)","decl":{"start":{"line":22,"column":2},"end":{"line":22,"column":31}},"loc":{"start":{"line":22,"column":55},"end":{"line":22,"column":59}}},"1":{"name":"(anonymous_5)","decl":{"start":{"line":45,"column":2},"end":{"line":45,"column":7}},"loc":{"start":{"line":47,"column":41},"end":{"line":52,"column":3}}},"2":{"name":"(anonymous_6)","decl":{"start":{"line":82,"column":2},"end":{"line":82,"column":7}},"loc":{"start":{"line":83,"column":51},"end":{"line":88,"column":3}}},"3":{"name":"(anonymous_7)","decl":{"start":{"line":111,"column":2},"end":{"line":111,"column":7}},"loc":{"start":{"line":112,"column":65},"end":{"line":119,"column":3}}},"4":{"name":"(anonymous_8)","decl":{"start":{"line":141,"column":2},"end":{"line":141,"column":8}},"loc":{"start":{"line":141,"column":46},"end":{"line":144,"column":3}}},"5":{"name":"(anonymous_9)","decl":{"start":{"line":42,"column":12},"end":{"line":42,"column":15}},"loc":{"start":{"line":42,"column":18},"end":{"line":42,"column":29}}},"6":{"name":"(anonymous_10)","decl":{"start":{"line":79,"column":12},"end":{"line":79,"column":15}},"loc":{"start":{"line":79,"column":18},"end":{"line":79,"column":22}}},"7":{"name":"(anonymous_11)","decl":{"start":{"line":107,"column":12},"end":{"line":107,"column":15}},"loc":{"start":{"line":107,"column":18},"end":{"line":107,"column":29}}},"8":{"name":"(anonymous_12)","decl":{"start":{"line":137,"column":12},"end":{"line":137,"column":15}},"loc":{"start":{"line":137,"column":18},"end":{"line":137,"column":37}}}},"branchMap":{},"s":{"0":1,"1":1,"2":1,"3":1,"4":1,"5":1,"6":1,"7":1,"8":1,"9":1,"10":1,"11":8,"12":2,"13":2,"14":2,"15":2,"16":1,"17":1,"18":1,"19":1,"20":0,"21":1,"22":0,"23":1,"24":0,"25":1,"26":0,"27":1},"f":{"0":8,"1":2,"2":2,"3":2,"4":1,"5":0,"6":0,"7":0,"8":0},"b":{}}
,"/Users/giuseppesilva/DEV/Tests/EduMatch/src/auth/services/authentication.service.ts": {"path":"/Users/giuseppesilva/DEV/Tests/EduMatch/src/auth/services/authentication.service.ts","statementMap":{"0":{"start":{"line":1,"column":0},"end":{"line":1,"column":null}},"1":{"start":{"line":8,"column":0},"end":{"line":8,"column":46}},"2":{"start":{"line":10,"column":0},"end":{"line":10,"column":62}},"3":{"start":{"line":11,"column":0},"end":{"line":11,"column":57}},"4":{"start":{"line":14,"column":0},"end":{"line":14,"column":53}},"5":{"start":{"line":15,"column":0},"end":{"line":15,"column":47}},"6":{"start":{"line":22,"column":34},"end":{"line":313,"column":null}},"7":{"start":{"line":23,"column":28},"end":{"line":23,"column":66}},"8":{"start":{"line":26,"column":21},"end":{"line":26,"column":35}},"9":{"start":{"line":27,"column":21},"end":{"line":27,"column":38}},"10":{"start":{"line":28,"column":21},"end":{"line":28,"column":35}},"11":{"start":{"line":29,"column":21},"end":{"line":29,"column":29}},"12":{"start":{"line":42,"column":4},"end":{"line":74,"column":5}},"13":{"start":{"line":44,"column":19},"end":{"line":48,"column":8}},"14":{"start":{"line":50,"column":6},"end":{"line":53,"column":7}},"15":{"start":{"line":51,"column":8},"end":{"line":51,"column":66}},"16":{"start":{"line":52,"column":8},"end":{"line":52,"column":20}},"17":{"start":{"line":56,"column":30},"end":{"line":58,"column":null}},"18":{"start":{"line":61,"column":6},"end":{"line":64,"column":7}},"19":{"start":{"line":62,"column":8},"end":{"line":62,"column":71}},"20":{"start":{"line":63,"column":8},"end":{"line":63,"column":20}},"21":{"start":{"line":67,"column":54},"end":{"line":67,"column":58}},"22":{"start":{"line":69,"column":6},"end":{"line":69,"column":68}},"23":{"start":{"line":70,"column":6},"end":{"line":70,"column":33}},"24":{"start":{"line":72,"column":6},"end":{"line":72,"column":73}},"25":{"start":{"line":73,"column":6},"end":{"line":73,"column":18}},"26":{"start":{"line":89,"column":4},"end":{"line":117,"column":5}},"27":{"start":{"line":90,"column":19},"end":{"line":92,"column":null}},"28":{"start":{"line":95,"column":6},"end":{"line":97,"column":7}},"29":{"start":{"line":96,"column":8},"end":{"line":96,"column":66}},"30":{"start":{"line":100,"column":21},"end":{"line":100,"column":65}},"31":{"start":{"line":103,"column":6},"end":{"line":103,"column":77}},"32":{"start":{"line":105,"column":6},"end":{"line":107,"column":8}},"33":{"start":{"line":110,"column":6},"end":{"line":110,"column":49}},"34":{"start":{"line":112,"column":6},"end":{"line":114,"column":7}},"35":{"start":{"line":113,"column":8},"end":{"line":113,"column":20}},"36":{"start":{"line":115,"column":6},"end":{"line":115,"column":54}},"37":{"start":{"line":116,"column":6},"end":{"line":116,"column":75}},"38":{"start":{"line":128,"column":4},"end":{"line":155,"column":5}},"39":{"start":{"line":130,"column":22},"end":{"line":134,"column":8}},"40":{"start":{"line":137,"column":54},"end":{"line":137,"column":61}},"41":{"start":{"line":139,"column":6},"end":{"line":139,"column":67}},"42":{"start":{"line":140,"column":6},"end":{"line":140,"column":33}},"43":{"start":{"line":143,"column":6},"end":{"line":151,"column":7}},"44":{"start":{"line":147,"column":8},"end":{"line":149,"column":10}},"45":{"start":{"line":150,"column":8},"end":{"line":150,"column":79}},"46":{"start":{"line":153,"column":6},"end":{"line":153,"column":52}},"47":{"start":{"line":154,"column":6},"end":{"line":154,"column":75}},"48":{"start":{"line":166,"column":4},"end":{"line":178,"column":5}},"49":{"start":{"line":168,"column":26},"end":{"line":168,"column":75}},"50":{"start":{"line":170,"column":6},"end":{"line":170,"column":68}},"51":{"start":{"line":171,"column":6},"end":{"line":171,"column":29}},"52":{"start":{"line":173,"column":6},"end":{"line":176,"column":8}},"53":{"start":{"line":177,"column":6},"end":{"line":177,"column":70}},"54":{"start":{"line":186,"column":4},"end":{"line":194,"column":5}},"55":{"start":{"line":188,"column":6},"end":{"line":188,"column":58}},"56":{"start":{"line":190,"column":6},"end":{"line":190,"column":54}},"57":{"start":{"line":192,"column":6},"end":{"line":192,"column":55}},"58":{"start":{"line":193,"column":6},"end":{"line":193,"column":68}},"59":{"start":{"line":207,"column":4},"end":{"line":234,"column":5}},"60":{"start":{"line":209,"column":22},"end":{"line":211,"column":null}},"61":{"start":{"line":214,"column":6},"end":{"line":216,"column":7}},"62":{"start":{"line":215,"column":8},"end":{"line":215,"column":20}},"63":{"start":{"line":219,"column":19},"end":{"line":219,"column":67}},"64":{"start":{"line":221,"column":6},"end":{"line":226,"column":7}},"65":{"start":{"line":222,"column":8},"end":{"line":224,"column":10}},"66":{"start":{"line":225,"column":8},"end":{"line":225,"column":20}},"67":{"start":{"line":229,"column":54},"end":{"line":229,"column":58}},"68":{"start":{"line":230,"column":6},"end":{"line":230,"column":33}},"69":{"start":{"line":232,"column":6},"end":{"line":232,"column":57}},"70":{"start":{"line":233,"column":6},"end":{"line":233,"column":18}},"71":{"start":{"line":251,"column":4},"end":{"line":287,"column":5}},"72":{"start":{"line":253,"column":19},"end":{"line":253,"column":62}},"73":{"start":{"line":255,"column":6},"end":{"line":257,"column":7}},"74":{"start":{"line":256,"column":8},"end":{"line":256,"column":66}},"75":{"start":{"line":260,"column":37},"end":{"line":262,"column":null}},"76":{"start":{"line":265,"column":6},"end":{"line":267,"column":7}},"77":{"start":{"line":266,"column":8},"end":{"line":266,"column":65}},"78":{"start":{"line":271,"column":8},"end":{"line":271,"column":60}},"79":{"start":{"line":274,"column":6},"end":{"line":277,"column":9}},"80":{"start":{"line":279,"column":6},"end":{"line":279,"column":80}},"81":{"start":{"line":280,"column":6},"end":{"line":280,"column":18}},"82":{"start":{"line":282,"column":6},"end":{"line":284,"column":7}},"83":{"start":{"line":283,"column":8},"end":{"line":283,"column":20}},"84":{"start":{"line":285,"column":6},"end":{"line":285,"column":80}},"85":{"start":{"line":286,"column":6},"end":{"line":286,"column":70}},"86":{"start":{"line":296,"column":4},"end":{"line":311,"column":5}},"87":{"start":{"line":297,"column":19},"end":{"line":302,"column":8}},"88":{"start":{"line":304,"column":6},"end":{"line":304,"column":27}},"89":{"start":{"line":306,"column":6},"end":{"line":309,"column":8}},"90":{"start":{"line":310,"column":6},"end":{"line":310,"column":19}},"91":{"start":{"line":22,"column":13},"end":{"line":22,"column":34}},"92":{"start":{"line":22,"column":13},"end":{"line":313,"column":null}}},"fnMap":{"0":{"name":"(anonymous_2)","decl":{"start":{"line":25,"column":2},"end":{"line":25,"column":null}},"loc":{"start":{"line":29,"column":42},"end":{"line":30,"column":6}}},"1":{"name":"(anonymous_3)","decl":{"start":{"line":38,"column":2},"end":{"line":38,"column":7}},"loc":{"start":{"line":40,"column":20},"end":{"line":75,"column":3}}},"2":{"name":"(anonymous_4)","decl":{"start":{"line":85,"column":2},"end":{"line":85,"column":7}},"loc":{"start":{"line":87,"column":22},"end":{"line":118,"column":3}}},"3":{"name":"(anonymous_5)","decl":{"start":{"line":127,"column":2},"end":{"line":127,"column":7}},"loc":{"start":{"line":127,"column":41},"end":{"line":156,"column":3}}},"4":{"name":"(anonymous_6)","decl":{"start":{"line":163,"column":2},"end":{"line":163,"column":7}},"loc":{"start":{"line":164,"column":32},"end":{"line":179,"column":3}}},"5":{"name":"(anonymous_7)","decl":{"start":{"line":185,"column":2},"end":{"line":185,"column":8}},"loc":{"start":{"line":185,"column":27},"end":{"line":195,"column":3}}},"6":{"name":"(anonymous_8)","decl":{"start":{"line":203,"column":2},"end":{"line":203,"column":7}},"loc":{"start":{"line":205,"column":35},"end":{"line":235,"column":3}}},"7":{"name":"(anonymous_9)","decl":{"start":{"line":246,"column":2},"end":{"line":246,"column":7}},"loc":{"start":{"line":249,"column":23},"end":{"line":288,"column":3}}},"8":{"name":"(anonymous_10)","decl":{"start":{"line":295,"column":2},"end":{"line":295,"column":7}},"loc":{"start":{"line":295,"column":37},"end":{"line":312,"column":3}}}},"branchMap":{"0":{"loc":{"start":{"line":50,"column":6},"end":{"line":53,"column":7}},"type":"if","locations":[{"start":{"line":50,"column":6},"end":{"line":53,"column":7}}]},"1":{"loc":{"start":{"line":61,"column":6},"end":{"line":64,"column":7}},"type":"if","locations":[{"start":{"line":61,"column":6},"end":{"line":64,"column":7}}]},"2":{"loc":{"start":{"line":95,"column":6},"end":{"line":97,"column":7}},"type":"if","locations":[{"start":{"line":95,"column":6},"end":{"line":97,"column":7}}]},"3":{"loc":{"start":{"line":112,"column":6},"end":{"line":114,"column":7}},"type":"if","locations":[{"start":{"line":112,"column":6},"end":{"line":114,"column":7}}]},"4":{"loc":{"start":{"line":143,"column":6},"end":{"line":151,"column":7}},"type":"if","locations":[{"start":{"line":143,"column":6},"end":{"line":151,"column":7}}]},"5":{"loc":{"start":{"line":144,"column":8},"end":{"line":145,"column":30}},"type":"binary-expr","locations":[{"start":{"line":144,"column":8},"end":{"line":144,"column":61}},{"start":{"line":145,"column":8},"end":{"line":145,"column":30}}]},"6":{"loc":{"start":{"line":205,"column":4},"end":{"line":205,"column":35}},"type":"default-arg","locations":[{"start":{"line":205,"column":30},"end":{"line":205,"column":35}}]},"7":{"loc":{"start":{"line":214,"column":6},"end":{"line":216,"column":7}},"type":"if","locations":[{"start":{"line":214,"column":6},"end":{"line":216,"column":7}}]},"8":{"loc":{"start":{"line":221,"column":6},"end":{"line":226,"column":7}},"type":"if","locations":[{"start":{"line":221,"column":6},"end":{"line":226,"column":7}}]},"9":{"loc":{"start":{"line":255,"column":6},"end":{"line":257,"column":7}},"type":"if","locations":[{"start":{"line":255,"column":6},"end":{"line":257,"column":7}}]},"10":{"loc":{"start":{"line":265,"column":6},"end":{"line":267,"column":7}},"type":"if","locations":[{"start":{"line":265,"column":6},"end":{"line":267,"column":7}}]},"11":{"loc":{"start":{"line":282,"column":6},"end":{"line":284,"column":7}},"type":"if","locations":[{"start":{"line":282,"column":6},"end":{"line":284,"column":7}}]}},"s":{"0":3,"1":3,"2":3,"3":3,"4":3,"5":3,"6":3,"7":3,"8":3,"9":3,"10":3,"11":3,"12":2,"13":2,"14":2,"15":1,"16":1,"17":1,"18":1,"19":0,"20":0,"21":1,"22":1,"23":1,"24":0,"25":0,"26":0,"27":0,"28":0,"29":0,"30":0,"31":0,"32":0,"33":0,"34":0,"35":0,"36":0,"37":0,"38":0,"39":0,"40":0,"41":0,"42":0,"43":0,"44":0,"45":0,"46":0,"47":0,"48":0,"49":0,"50":0,"51":0,"52":0,"53":0,"54":0,"55":0,"56":0,"57":0,"58":0,"59":0,"60":0,"61":0,"62":0,"63":0,"64":0,"65":0,"66":0,"67":0,"68":0,"69":0,"70":0,"71":0,"72":0,"73":0,"74":0,"75":0,"76":0,"77":0,"78":0,"79":0,"80":0,"81":0,"82":0,"83":0,"84":0,"85":0,"86":0,"87":0,"88":0,"89":0,"90":0,"91":3,"92":3},"f":{"0":3,"1":2,"2":0,"3":0,"4":0,"5":0,"6":0,"7":0,"8":0},"b":{"0":[1],"1":[0],"2":[0],"3":[0],"4":[0],"5":[0,0],"6":[0],"7":[0],"8":[0],"9":[0],"10":[0],"11":[0]}}
,"/Users/giuseppesilva/DEV/Tests/EduMatch/src/auth/services/password.service.ts": {"path":"/Users/giuseppesilva/DEV/Tests/EduMatch/src/auth/services/password.service.ts","statementMap":{"0":{"start":{"line":1,"column":0},"end":{"line":1,"column":52}},"1":{"start":{"line":2,"column":0},"end":{"line":2,"column":33}},"2":{"start":{"line":8,"column":25},"end":{"line":47,"column":2}},"3":{"start":{"line":64,"column":28},"end":{"line":351,"column":null}},"4":{"start":{"line":65,"column":28},"end":{"line":65,"column":60}},"5":{"start":{"line":66,"column":32},"end":{"line":66,"column":34}},"6":{"start":{"line":74,"column":4},"end":{"line":81,"column":5}},"7":{"start":{"line":75,"column":29},"end":{"line":75,"column":78}},"8":{"start":{"line":76,"column":6},"end":{"line":76,"column":54}},"9":{"start":{"line":77,"column":6},"end":{"line":77,"column":28}},"10":{"start":{"line":79,"column":6},"end":{"line":79,"column":63}},"11":{"start":{"line":80,"column":6},"end":{"line":80,"column":57}},"12":{"start":{"line":94,"column":4},"end":{"line":103,"column":5}},"13":{"start":{"line":95,"column":22},"end":{"line":95,"column":73}},"14":{"start":{"line":96,"column":6},"end":{"line":98,"column":8}},"15":{"start":{"line":99,"column":6},"end":{"line":99,"column":21}},"16":{"start":{"line":101,"column":6},"end":{"line":101,"column":59}},"17":{"start":{"line":102,"column":6},"end":{"line":102,"column":19}},"18":{"start":{"line":113,"column":29},"end":{"line":113,"column":31}},"19":{"start":{"line":114,"column":16},"end":{"line":114,"column":17}},"20":{"start":{"line":117,"column":4},"end":{"line":124,"column":5}},"21":{"start":{"line":118,"column":6},"end":{"line":118,"column":62}},"22":{"start":{"line":120,"column":6},"end":{"line":120,"column":18}},"23":{"start":{"line":122,"column":6},"end":{"line":122,"column":45}},"24":{"start":{"line":122,"column":33},"end":{"line":122,"column":45}},"25":{"start":{"line":123,"column":6},"end":{"line":123,"column":45}},"26":{"start":{"line":123,"column":33},"end":{"line":123,"column":45}},"27":{"start":{"line":127,"column":25},"end":{"line":127,"column":47}},"28":{"start":{"line":128,"column":25},"end":{"line":128,"column":47}},"29":{"start":{"line":129,"column":23},"end":{"line":129,"column":42}},"30":{"start":{"line":130,"column":28},"end":{"line":130,"column":67}},"31":{"start":{"line":133,"column":24},"end":{"line":133,"column":66}},"32":{"start":{"line":134,"column":4},"end":{"line":138,"column":5}},"33":{"start":{"line":135,"column":6},"end":{"line":135,"column":57}},"34":{"start":{"line":137,"column":6},"end":{"line":137,"column":18}},"35":{"start":{"line":141,"column":4},"end":{"line":145,"column":5}},"36":{"start":{"line":142,"column":6},"end":{"line":142,"column":69}},"37":{"start":{"line":144,"column":6},"end":{"line":144,"column":18}},"38":{"start":{"line":148,"column":4},"end":{"line":152,"column":5}},"39":{"start":{"line":149,"column":6},"end":{"line":149,"column":69}},"40":{"start":{"line":151,"column":6},"end":{"line":151,"column":18}},"41":{"start":{"line":155,"column":4},"end":{"line":159,"column":5}},"42":{"start":{"line":156,"column":6},"end":{"line":156,"column":59}},"43":{"start":{"line":158,"column":6},"end":{"line":158,"column":18}},"44":{"start":{"line":162,"column":4},"end":{"line":164,"column":5}},"45":{"start":{"line":163,"column":6},"end":{"line":163,"column":18}},"46":{"start":{"line":167,"column":31},"end":{"line":167,"column":69}},"47":{"start":{"line":168,"column":4},"end":{"line":171,"column":5}},"48":{"start":{"line":169,"column":6},"end":{"line":169,"column":77}},"49":{"start":{"line":170,"column":6},"end":{"line":170,"column":18}},"50":{"start":{"line":174,"column":29},"end":{"line":174,"column":74}},"51":{"start":{"line":175,"column":4},"end":{"line":178,"column":5}},"52":{"start":{"line":176,"column":6},"end":{"line":176,"column":70}},"53":{"start":{"line":177,"column":6},"end":{"line":177,"column":18}},"54":{"start":{"line":181,"column":4},"end":{"line":184,"column":5}},"55":{"start":{"line":182,"column":6},"end":{"line":182,"column":61}},"56":{"start":{"line":183,"column":6},"end":{"line":183,"column":34}},"57":{"start":{"line":187,"column":4},"end":{"line":187,"column":46}},"58":{"start":{"line":191,"column":4},"end":{"line":194,"column":27}},"59":{"start":{"line":191,"column":21},"end":{"line":191,"column":46}},"60":{"start":{"line":192,"column":9},"end":{"line":194,"column":27}},"61":{"start":{"line":192,"column":26},"end":{"line":192,"column":46}},"62":{"start":{"line":193,"column":9},"end":{"line":194,"column":27}},"63":{"start":{"line":193,"column":26},"end":{"line":193,"column":46}},"64":{"start":{"line":194,"column":9},"end":{"line":194,"column":27}},"65":{"start":{"line":196,"column":20},"end":{"line":196,"column":54}},"66":{"start":{"line":198,"column":4},"end":{"line":203,"column":6}},"67":{"start":{"line":213,"column":26},"end":{"line":213,"column":48}},"68":{"start":{"line":216,"column":25},"end":{"line":224,"column":6}},"69":{"start":{"line":226,"column":27},"end":{"line":234,"column":6}},"70":{"start":{"line":236,"column":30},"end":{"line":236,"column":74}},"71":{"start":{"line":238,"column":25},"end":{"line":242,"column":6}},"72":{"start":{"line":244,"column":4},"end":{"line":248,"column":6}},"73":{"start":{"line":246,"column":8},"end":{"line":247,"column":64}},"74":{"start":{"line":259,"column":46},"end":{"line":259,"column":48}},"75":{"start":{"line":261,"column":4},"end":{"line":266,"column":5}},"76":{"start":{"line":262,"column":6},"end":{"line":262,"column":51}},"77":{"start":{"line":263,"column":6},"end":{"line":265,"column":7}},"78":{"start":{"line":264,"column":8},"end":{"line":264,"column":20}},"79":{"start":{"line":269,"column":29},"end":{"line":269,"column":55}},"80":{"start":{"line":270,"column":4},"end":{"line":270,"column":28}},"81":{"start":{"line":280,"column":26},"end":{"line":280,"column":48}},"82":{"start":{"line":283,"column":4},"end":{"line":285,"column":5}},"83":{"start":{"line":284,"column":6},"end":{"line":284,"column":18}},"84":{"start":{"line":288,"column":31},"end":{"line":292,"column":6}},"85":{"start":{"line":290,"column":6},"end":{"line":290,"column":50}},"86":{"start":{"line":290,"column":37},"end":{"line":290,"column":50}},"87":{"start":{"line":291,"column":6},"end":{"line":291,"column":52}},"88":{"start":{"line":294,"column":4},"end":{"line":294,"column":30}},"89":{"start":{"line":303,"column":4},"end":{"line":305,"column":5}},"90":{"start":{"line":304,"column":6},"end":{"line":304,"column":69}},"91":{"start":{"line":307,"column":22},"end":{"line":307,"column":50}},"92":{"start":{"line":308,"column":22},"end":{"line":308,"column":50}},"93":{"start":{"line":309,"column":20},"end":{"line":309,"column":32}},"94":{"start":{"line":310,"column":25},"end":{"line":310,"column":47}},"95":{"start":{"line":312,"column":19},"end":{"line":312,"column":21}},"96":{"start":{"line":315,"column":4},"end":{"line":315,"column":46}},"97":{"start":{"line":316,"column":4},"end":{"line":316,"column":46}},"98":{"start":{"line":317,"column":4},"end":{"line":317,"column":44}},"99":{"start":{"line":318,"column":4},"end":{"line":318,"column":44}},"100":{"start":{"line":321,"column":21},"end":{"line":321,"column":67}},"101":{"start":{"line":322,"column":4},"end":{"line":324,"column":5}},"102":{"start":{"line":322,"column":17},"end":{"line":322,"column":32}},"103":{"start":{"line":323,"column":6},"end":{"line":323,"column":47}},"104":{"start":{"line":327,"column":4},"end":{"line":330,"column":16}},"105":{"start":{"line":329,"column":18},"end":{"line":329,"column":37}},"106":{"start":{"line":340,"column":4},"end":{"line":340,"column":66}},"107":{"start":{"line":348,"column":4},"end":{"line":348,"column":68}},"108":{"start":{"line":348,"column":50},"end":{"line":348,"column":65}},"109":{"start":{"line":349,"column":4},"end":{"line":349,"column":76}},"110":{"start":{"line":64,"column":13},"end":{"line":64,"column":28}},"111":{"start":{"line":64,"column":13},"end":{"line":351,"column":null}}},"fnMap":{"0":{"name":"(anonymous_1)","decl":{"start":{"line":73,"column":2},"end":{"line":73,"column":7}},"loc":{"start":{"line":73,"column":42},"end":{"line":82,"column":3}}},"1":{"name":"(anonymous_2)","decl":{"start":{"line":90,"column":2},"end":{"line":90,"column":7}},"loc":{"start":{"line":92,"column":26},"end":{"line":104,"column":3}}},"2":{"name":"(anonymous_3)","decl":{"start":{"line":112,"column":2},"end":{"line":112,"column":26}},"loc":{"start":{"line":112,"column":43},"end":{"line":204,"column":3}}},"3":{"name":"(anonymous_4)","decl":{"start":{"line":212,"column":10},"end":{"line":212,"column":33}},"loc":{"start":{"line":212,"column":50},"end":{"line":249,"column":3}}},"4":{"name":"(anonymous_5)","decl":{"start":{"line":245,"column":6},"end":{"line":245,"column":7}},"loc":{"start":{"line":246,"column":8},"end":{"line":247,"column":64}}},"5":{"name":"(anonymous_6)","decl":{"start":{"line":257,"column":10},"end":{"line":257,"column":40}},"loc":{"start":{"line":257,"column":57},"end":{"line":271,"column":3}}},"6":{"name":"(anonymous_7)","decl":{"start":{"line":279,"column":10},"end":{"line":279,"column":31}},"loc":{"start":{"line":279,"column":48},"end":{"line":295,"column":3}}},"7":{"name":"(anonymous_8)","decl":{"start":{"line":288,"column":53},"end":{"line":288,"column":54}},"loc":{"start":{"line":288,"column":72},"end":{"line":292,"column":5}}},"8":{"name":"(anonymous_9)","decl":{"start":{"line":302,"column":2},"end":{"line":302,"column":24}},"loc":{"start":{"line":302,"column":44},"end":{"line":331,"column":3}}},"9":{"name":"(anonymous_10)","decl":{"start":{"line":329,"column":12},"end":{"line":329,"column":15}},"loc":{"start":{"line":329,"column":18},"end":{"line":329,"column":37}}},"10":{"name":"(anonymous_11)","decl":{"start":{"line":339,"column":10},"end":{"line":339,"column":23}},"loc":{"start":{"line":339,"column":37},"end":{"line":341,"column":3}}},"11":{"name":"(anonymous_12)","decl":{"start":{"line":347,"column":2},"end":{"line":347,"column":16}},"loc":{"start":{"line":347,"column":36},"end":{"line":350,"column":3}}},"12":{"name":"(anonymous_13)","decl":{"start":{"line":348,"column":43},"end":{"line":348,"column":44}},"loc":{"start":{"line":348,"column":50},"end":{"line":348,"column":65}}}},"branchMap":{"0":{"loc":{"start":{"line":97,"column":32},"end":{"line":97,"column":61}},"type":"cond-expr","locations":[{"start":{"line":97,"column":42},"end":{"line":97,"column":51}},{"start":{"line":97,"column":54},"end":{"line":97,"column":61}}]},"1":{"loc":{"start":{"line":117,"column":4},"end":{"line":124,"column":5}},"type":"if","locations":[{"start":{"line":117,"column":4},"end":{"line":124,"column":5}},{"start":{"line":119,"column":11},"end":{"line":124,"column":5}}]},"2":{"loc":{"start":{"line":122,"column":6},"end":{"line":122,"column":45}},"type":"if","locations":[{"start":{"line":122,"column":6},"end":{"line":122,"column":45}}]},"3":{"loc":{"start":{"line":123,"column":6},"end":{"line":123,"column":45}},"type":"if","locations":[{"start":{"line":123,"column":6},"end":{"line":123,"column":45}}]},"4":{"loc":{"start":{"line":133,"column":25},"end":{"line":133,"column":58}},"type":"binary-expr","locations":[{"start":{"line":133,"column":25},"end":{"line":133,"column":52}},{"start":{"line":133,"column":56},"end":{"line":133,"column":58}}]},"5":{"loc":{"start":{"line":134,"column":4},"end":{"line":138,"column":5}},"type":"if","locations":[{"start":{"line":134,"column":4},"end":{"line":138,"column":5}},{"start":{"line":136,"column":11},"end":{"line":138,"column":5}}]},"6":{"loc":{"start":{"line":141,"column":4},"end":{"line":145,"column":5}},"type":"if","locations":[{"start":{"line":141,"column":4},"end":{"line":145,"column":5}},{"start":{"line":143,"column":11},"end":{"line":145,"column":5}}]},"7":{"loc":{"start":{"line":148,"column":4},"end":{"line":152,"column":5}},"type":"if","locations":[{"start":{"line":148,"column":4},"end":{"line":152,"column":5}},{"start":{"line":150,"column":11},"end":{"line":152,"column":5}}]},"8":{"loc":{"start":{"line":155,"column":4},"end":{"line":159,"column":5}},"type":"if","locations":[{"start":{"line":155,"column":4},"end":{"line":159,"column":5}},{"start":{"line":157,"column":11},"end":{"line":159,"column":5}}]},"9":{"loc":{"start":{"line":162,"column":4},"end":{"line":164,"column":5}},"type":"if","locations":[{"start":{"line":162,"column":4},"end":{"line":164,"column":5}}]},"10":{"loc":{"start":{"line":168,"column":4},"end":{"line":171,"column":5}},"type":"if","locations":[{"start":{"line":168,"column":4},"end":{"line":171,"column":5}}]},"11":{"loc":{"start":{"line":175,"column":4},"end":{"line":178,"column":5}},"type":"if","locations":[{"start":{"line":175,"column":4},"end":{"line":178,"column":5}}]},"12":{"loc":{"start":{"line":181,"column":4},"end":{"line":184,"column":5}},"type":"if","locations":[{"start":{"line":181,"column":4},"end":{"line":184,"column":5}}]},"13":{"loc":{"start":{"line":191,"column":4},"end":{"line":194,"column":27}},"type":"if","locations":[{"start":{"line":191,"column":4},"end":{"line":194,"column":27}},{"start":{"line":192,"column":9},"end":{"line":194,"column":27}}]},"14":{"loc":{"start":{"line":192,"column":9},"end":{"line":194,"column":27}},"type":"if","locations":[{"start":{"line":192,"column":9},"end":{"line":194,"column":27}},{"start":{"line":193,"column":9},"end":{"line":194,"column":27}}]},"15":{"loc":{"start":{"line":193,"column":9},"end":{"line":194,"column":27}},"type":"if","locations":[{"start":{"line":193,"column":9},"end":{"line":194,"column":27}},{"start":{"line":194,"column":9},"end":{"line":194,"column":27}}]},"16":{"loc":{"start":{"line":196,"column":20},"end":{"line":196,"column":54}},"type":"binary-expr","locations":[{"start":{"line":196,"column":20},"end":{"line":196,"column":39}},{"start":{"line":196,"column":43},"end":{"line":196,"column":54}}]},"17":{"loc":{"start":{"line":246,"column":8},"end":{"line":247,"column":64}},"type":"binary-expr","locations":[{"start":{"line":246,"column":8},"end":{"line":246,"column":35}},{"start":{"line":247,"column":8},"end":{"line":247,"column":64}}]},"18":{"loc":{"start":{"line":262,"column":25},"end":{"line":262,"column":45}},"type":"binary-expr","locations":[{"start":{"line":262,"column":25},"end":{"line":262,"column":40}},{"start":{"line":262,"column":44},"end":{"line":262,"column":45}}]},"19":{"loc":{"start":{"line":263,"column":6},"end":{"line":265,"column":7}},"type":"if","locations":[{"start":{"line":263,"column":6},"end":{"line":265,"column":7}}]},"20":{"loc":{"start":{"line":283,"column":4},"end":{"line":285,"column":5}},"type":"if","locations":[{"start":{"line":283,"column":4},"end":{"line":285,"column":5}}]},"21":{"loc":{"start":{"line":290,"column":6},"end":{"line":290,"column":50}},"type":"if","locations":[{"start":{"line":290,"column":6},"end":{"line":290,"column":50}}]},"22":{"loc":{"start":{"line":302,"column":25},"end":{"line":302,"column":44}},"type":"default-arg","locations":[{"start":{"line":302,"column":42},"end":{"line":302,"column":44}}]},"23":{"loc":{"start":{"line":303,"column":4},"end":{"line":305,"column":5}},"type":"if","locations":[{"start":{"line":303,"column":4},"end":{"line":305,"column":5}}]}},"s":{"0":5,"1":5,"2":5,"3":5,"4":5,"5":5,"6":2,"7":2,"8":2,"9":2,"10":0,"11":0,"12":2,"13":2,"14":2,"15":2,"16":0,"17":0,"18":2,"19":2,"20":2,"21":1,"22":1,"23":1,"24":1,"25":1,"26":0,"27":2,"28":2,"29":2,"30":2,"31":2,"32":2,"33":1,"34":1,"35":2,"36":1,"37":1,"38":2,"39":1,"40":1,"41":2,"42":0,"43":2,"44":2,"45":1,"46":2,"47":2,"48":0,"49":0,"50":2,"51":2,"52":0,"53":0,"54":2,"55":1,"56":1,"57":2,"58":2,"59":1,"60":1,"61":0,"62":1,"63":0,"64":1,"65":2,"66":2,"67":2,"68":2,"69":2,"70":2,"71":2,"72":2,"73":38,"74":2,"75":2,"76":19,"77":19,"78":0,"79":2,"80":2,"81":2,"82":2,"83":1,"84":1,"85":38,"86":1,"87":37,"88":1,"89":0,"90":0,"91":0,"92":0,"93":0,"94":0,"95":0,"96":0,"97":0,"98":0,"99":0,"100":0,"101":0,"102":0,"103":0,"104":0,"105":0,"106":0,"107":0,"108":0,"109":0,"110":5,"111":5},"f":{"0":2,"1":2,"2":2,"3":2,"4":38,"5":2,"6":2,"7":38,"8":0,"9":0,"10":0,"11":0,"12":0},"b":{"0":[1,1],"1":[1,1],"2":[1],"3":[0],"4":[2,1],"5":[1,1],"6":[1,1],"7":[1,1],"8":[0,2],"9":[1],"10":[0],"11":[0],"12":[1],"13":[1,1],"14":[0,1],"15":[0,1],"16":[2,1],"17":[38,38],"18":[19,19],"19":[0],"20":[1],"21":[1],"22":[0],"23":[0]}}
,"/Users/giuseppesilva/DEV/Tests/EduMatch/src/auth/services/token.service.ts": {"path":"/Users/giuseppesilva/DEV/Tests/EduMatch/src/auth/services/token.service.ts","statementMap":{"0":{"start":{"line":1,"column":0},"end":{"line":1,"column":52}},"1":{"start":{"line":2,"column":0},"end":{"line":2,"column":47}},"2":{"start":{"line":3,"column":0},"end":{"line":3,"column":41}},"3":{"start":{"line":13,"column":25},"end":{"line":247,"column":null}},"4":{"start":{"line":14,"column":28},"end":{"line":14,"column":57}},"5":{"start":{"line":17,"column":21},"end":{"line":17,"column":33}},"6":{"start":{"line":18,"column":21},"end":{"line":18,"column":36}},"7":{"start":{"line":29,"column":32},"end":{"line":34,"column":6}},"8":{"start":{"line":36,"column":4},"end":{"line":50,"column":5}},"9":{"start":{"line":37,"column":42},"end":{"line":40,"column":8}},"10":{"start":{"line":42,"column":6},"end":{"line":42,"column":70}},"11":{"start":{"line":43,"column":6},"end":{"line":43,"column":43}},"12":{"start":{"line":45,"column":6},"end":{"line":48,"column":8}},"13":{"start":{"line":49,"column":6},"end":{"line":49,"column":18}},"14":{"start":{"line":61,"column":4},"end":{"line":85,"column":5}},"15":{"start":{"line":64,"column":8},"end":{"line":71,"column":14}},"16":{"start":{"line":73,"column":26},"end":{"line":76,"column":8}},"17":{"start":{"line":78,"column":6},"end":{"line":80,"column":8}},"18":{"start":{"line":81,"column":6},"end":{"line":81,"column":25}},"19":{"start":{"line":83,"column":6},"end":{"line":83,"column":62}},"20":{"start":{"line":84,"column":6},"end":{"line":84,"column":18}},"21":{"start":{"line":95,"column":4},"end":{"line":106,"column":5}},"22":{"start":{"line":96,"column":27},"end":{"line":99,"column":8}},"23":{"start":{"line":101,"column":6},"end":{"line":101,"column":79}},"24":{"start":{"line":102,"column":6},"end":{"line":102,"column":26}},"25":{"start":{"line":104,"column":6},"end":{"line":104,"column":63}},"26":{"start":{"line":105,"column":6},"end":{"line":105,"column":18}},"27":{"start":{"line":115,"column":4},"end":{"line":134,"column":5}},"28":{"start":{"line":116,"column":33},"end":{"line":118,"column":null}},"29":{"start":{"line":120,"column":21},"end":{"line":120,"column":71}},"30":{"start":{"line":122,"column":6},"end":{"line":128,"column":9}},"31":{"start":{"line":130,"column":6},"end":{"line":130,"column":69}},"32":{"start":{"line":132,"column":6},"end":{"line":132,"column":72}},"33":{"start":{"line":133,"column":6},"end":{"line":133,"column":18}},"34":{"start":{"line":142,"column":4},"end":{"line":154,"column":5}},"35":{"start":{"line":143,"column":6},"end":{"line":148,"column":9}},"36":{"start":{"line":150,"column":6},"end":{"line":150,"column":69}},"37":{"start":{"line":152,"column":6},"end":{"line":152,"column":72}},"38":{"start":{"line":153,"column":6},"end":{"line":153,"column":18}},"39":{"start":{"line":167,"column":4},"end":{"line":188,"column":5}},"40":{"start":{"line":168,"column":21},"end":{"line":170,"column":54}},"41":{"start":{"line":172,"column":22},"end":{"line":174,"column":8}},"42":{"start":{"line":176,"column":6},"end":{"line":178,"column":8}},"43":{"start":{"line":179,"column":6},"end":{"line":179,"column":21}},"44":{"start":{"line":182,"column":8},"end":{"line":182,"column":68}},"45":{"start":{"line":183,"column":6},"end":{"line":186,"column":8}},"46":{"start":{"line":187,"column":6},"end":{"line":187,"column":18}},"47":{"start":{"line":199,"column":17},"end":{"line":199,"column":33}},"48":{"start":{"line":200,"column":18},"end":{"line":200,"column":51}},"49":{"start":{"line":202,"column":4},"end":{"line":204,"column":5}},"50":{"start":{"line":203,"column":6},"end":{"line":203,"column":64}},"51":{"start":{"line":206,"column":4},"end":{"line":217,"column":5}},"52":{"start":{"line":208,"column":8},"end":{"line":208,"column":28}},"53":{"start":{"line":210,"column":8},"end":{"line":210,"column":33}},"54":{"start":{"line":212,"column":8},"end":{"line":212,"column":38}},"55":{"start":{"line":214,"column":8},"end":{"line":214,"column":43}},"56":{"start":{"line":216,"column":8},"end":{"line":216,"column":66}},"57":{"start":{"line":226,"column":4},"end":{"line":245,"column":5}},"58":{"start":{"line":228,"column":8},"end":{"line":228,"column":37}},"59":{"start":{"line":229,"column":6},"end":{"line":238,"column":7}},"60":{"start":{"line":237,"column":8},"end":{"line":237,"column":48}},"61":{"start":{"line":239,"column":6},"end":{"line":239,"column":18}},"62":{"start":{"line":242,"column":8},"end":{"line":242,"column":68}},"63":{"start":{"line":243,"column":6},"end":{"line":243,"column":67}},"64":{"start":{"line":244,"column":6},"end":{"line":244,"column":18}},"65":{"start":{"line":13,"column":13},"end":{"line":13,"column":25}},"66":{"start":{"line":13,"column":13},"end":{"line":247,"column":null}}},"fnMap":{"0":{"name":"(anonymous_2)","decl":{"start":{"line":16,"column":2},"end":{"line":16,"column":null}},"loc":{"start":{"line":18,"column":49},"end":{"line":19,"column":6}}},"1":{"name":"(anonymous_3)","decl":{"start":{"line":26,"column":2},"end":{"line":26,"column":7}},"loc":{"start":{"line":27,"column":32},"end":{"line":51,"column":3}}},"2":{"name":"(anonymous_4)","decl":{"start":{"line":58,"column":2},"end":{"line":58,"column":7}},"loc":{"start":{"line":59,"column":48},"end":{"line":86,"column":3}}},"3":{"name":"(anonymous_5)","decl":{"start":{"line":94,"column":10},"end":{"line":94,"column":15}},"loc":{"start":{"line":94,"column":56},"end":{"line":107,"column":3}}},"4":{"name":"(anonymous_6)","decl":{"start":{"line":114,"column":2},"end":{"line":114,"column":23}},"loc":{"start":{"line":114,"column":64},"end":{"line":135,"column":3}}},"5":{"name":"(anonymous_7)","decl":{"start":{"line":141,"column":2},"end":{"line":141,"column":25}},"loc":{"start":{"line":141,"column":44},"end":{"line":155,"column":3}}},"6":{"name":"(anonymous_8)","decl":{"start":{"line":163,"column":2},"end":{"line":163,"column":7}},"loc":{"start":{"line":165,"column":35},"end":{"line":189,"column":3}}},"7":{"name":"(anonymous_9)","decl":{"start":{"line":198,"column":10},"end":{"line":198,"column":35}},"loc":{"start":{"line":198,"column":50},"end":{"line":218,"column":3}}},"8":{"name":"(anonymous_10)","decl":{"start":{"line":225,"column":2},"end":{"line":225,"column":13}},"loc":{"start":{"line":225,"column":27},"end":{"line":246,"column":3}}}},"branchMap":{"0":{"loc":{"start":{"line":64,"column":8},"end":{"line":71,"column":14}},"type":"cond-expr","locations":[{"start":{"line":65,"column":12},"end":{"line":65,"column":19}},{"start":{"line":66,"column":12},"end":{"line":71,"column":14}}]},"1":{"loc":{"start":{"line":165,"column":4},"end":{"line":165,"column":35}},"type":"default-arg","locations":[{"start":{"line":165,"column":30},"end":{"line":165,"column":35}}]},"2":{"loc":{"start":{"line":168,"column":21},"end":{"line":170,"column":54}},"type":"cond-expr","locations":[{"start":{"line":169,"column":10},"end":{"line":169,"column":62}},{"start":{"line":170,"column":10},"end":{"line":170,"column":54}}]},"3":{"loc":{"start":{"line":177,"column":17},"end":{"line":177,"column":54}},"type":"cond-expr","locations":[{"start":{"line":177,"column":34},"end":{"line":177,"column":43}},{"start":{"line":177,"column":46},"end":{"line":177,"column":54}}]},"4":{"loc":{"start":{"line":182,"column":8},"end":{"line":182,"column":68}},"type":"cond-expr","locations":[{"start":{"line":182,"column":33},"end":{"line":182,"column":46}},{"start":{"line":182,"column":49},"end":{"line":182,"column":68}}]},"5":{"loc":{"start":{"line":184,"column":17},"end":{"line":184,"column":54}},"type":"cond-expr","locations":[{"start":{"line":184,"column":34},"end":{"line":184,"column":43}},{"start":{"line":184,"column":46},"end":{"line":184,"column":54}}]},"6":{"loc":{"start":{"line":202,"column":4},"end":{"line":204,"column":5}},"type":"if","locations":[{"start":{"line":202,"column":4},"end":{"line":204,"column":5}}]},"7":{"loc":{"start":{"line":206,"column":4},"end":{"line":217,"column":5}},"type":"switch","locations":[{"start":{"line":207,"column":6},"end":{"line":208,"column":28}},{"start":{"line":209,"column":6},"end":{"line":210,"column":33}},{"start":{"line":211,"column":6},"end":{"line":212,"column":38}},{"start":{"line":213,"column":6},"end":{"line":214,"column":43}},{"start":{"line":215,"column":6},"end":{"line":216,"column":66}}]},"8":{"loc":{"start":{"line":229,"column":6},"end":{"line":238,"column":7}},"type":"if","locations":[{"start":{"line":229,"column":6},"end":{"line":238,"column":7}}]},"9":{"loc":{"start":{"line":230,"column":8},"end":{"line":235,"column":25}},"type":"binary-expr","locations":[{"start":{"line":230,"column":8},"end":{"line":230,"column":15}},{"start":{"line":231,"column":8},"end":{"line":231,"column":35}},{"start":{"line":232,"column":8},"end":{"line":232,"column":24}},{"start":{"line":233,"column":8},"end":{"line":233,"column":26}},{"start":{"line":234,"column":8},"end":{"line":234,"column":29}},{"start":{"line":235,"column":8},"end":{"line":235,"column":25}}]},"10":{"loc":{"start":{"line":242,"column":8},"end":{"line":242,"column":68}},"type":"cond-expr","locations":[{"start":{"line":242,"column":33},"end":{"line":242,"column":46}},{"start":{"line":242,"column":49},"end":{"line":242,"column":68}}]}},"s":{"0":4,"1":4,"2":4,"3":4,"4":2,"5":2,"6":2,"7":1,"8":1,"9":1,"10":1,"11":1,"12":0,"13":0,"14":1,"15":1,"16":1,"17":1,"18":1,"19":0,"20":0,"21":1,"22":1,"23":1,"24":1,"25":0,"26":0,"27":0,"28":0,"29":0,"30":0,"31":0,"32":0,"33":0,"34":0,"35":0,"36":0,"37":0,"38":0,"39":0,"40":0,"41":0,"42":0,"43":0,"44":0,"45":0,"46":0,"47":0,"48":0,"49":0,"50":0,"51":0,"52":0,"53":0,"54":0,"55":0,"56":0,"57":0,"58":0,"59":0,"60":0,"61":0,"62":0,"63":0,"64":0,"65":4,"66":4},"f":{"0":2,"1":1,"2":1,"3":1,"4":0,"5":0,"6":0,"7":0,"8":0},"b":{"0":[1,0],"1":[0],"2":[0,0],"3":[0,0],"4":[0,0],"5":[0,0],"6":[0],"7":[0,0,0,0,0],"8":[0],"9":[0,0,0,0,0,0],"10":[0,0]}}
,"/Users/giuseppesilva/DEV/Tests/EduMatch/src/auth/strategies/jwt.strategy.ts": {"path":"/Users/giuseppesilva/DEV/Tests/EduMatch/src/auth/strategies/jwt.strategy.ts","statementMap":{"0":{"start":{"line":1,"column":0},"end":{"line":1,"column":67}},"1":{"start":{"line":2,"column":0},"end":{"line":2,"column":47}},"2":{"start":{"line":3,"column":0},"end":{"line":3,"column":52}},"3":{"start":{"line":5,"column":0},"end":{"line":5,"column":52}},"4":{"start":{"line":6,"column":0},"end":{"line":6,"column":57}},"5":{"start":{"line":17,"column":7},"end":{"line":52,"column":null}},"6":{"start":{"line":22,"column":22},"end":{"line":22,"column":61}},"7":{"start":{"line":23,"column":4},"end":{"line":25,"column":5}},"8":{"start":{"line":24,"column":6},"end":{"line":24,"column":57}},"9":{"start":{"line":27,"column":4},"end":{"line":34,"column":7}},"10":{"start":{"line":19,"column":21},"end":{"line":19,"column":36}},"11":{"start":{"line":20,"column":21},"end":{"line":20,"column":35}},"12":{"start":{"line":40,"column":17},"end":{"line":40,"column":65}},"13":{"start":{"line":41,"column":4},"end":{"line":46,"column":5}},"14":{"start":{"line":43,"column":6},"end":{"line":45,"column":8}},"15":{"start":{"line":49,"column":36},"end":{"line":49,"column":40}},"16":{"start":{"line":50,"column":4},"end":{"line":50,"column":26}},"17":{"start":{"line":17,"column":13},"end":{"line":17,"column":24}},"18":{"start":{"line":17,"column":13},"end":{"line":52,"column":null}}},"fnMap":{"0":{"name":"(anonymous_2)","decl":{"start":{"line":18,"column":2},"end":{"line":18,"column":null}},"loc":{"start":{"line":20,"column":47},"end":{"line":35,"column":3}}},"1":{"name":"(anonymous_3)","decl":{"start":{"line":38,"column":2},"end":{"line":38,"column":7}},"loc":{"start":{"line":38,"column":36},"end":{"line":51,"column":3}}}},"branchMap":{"0":{"loc":{"start":{"line":23,"column":4},"end":{"line":25,"column":5}},"type":"if","locations":[{"start":{"line":23,"column":4},"end":{"line":25,"column":5}}]},"1":{"loc":{"start":{"line":41,"column":4},"end":{"line":46,"column":5}},"type":"if","locations":[{"start":{"line":41,"column":4},"end":{"line":46,"column":5}}]}},"s":{"0":1,"1":1,"2":1,"3":1,"4":1,"5":1,"6":6,"7":6,"8":0,"9":6,"10":6,"11":6,"12":5,"13":4,"14":2,"15":2,"16":2,"17":1,"18":1},"f":{"0":6,"1":5},"b":{"0":[0],"1":[2]}}
,"/Users/giuseppesilva/DEV/Tests/EduMatch/src/auth/strategies/refresh-jwt.strategy.ts": {"path":"/Users/giuseppesilva/DEV/Tests/EduMatch/src/auth/strategies/refresh-jwt.strategy.ts","statementMap":{"0":{"start":{"line":1,"column":0},"end":{"line":1,"column":67}},"1":{"start":{"line":2,"column":0},"end":{"line":2,"column":47}},"2":{"start":{"line":3,"column":0},"end":{"line":3,"column":52}},"3":{"start":{"line":6,"column":0},"end":{"line":6,"column":40}},"4":{"start":{"line":7,"column":0},"end":{"line":7,"column":57}},"5":{"start":{"line":11,"column":7},"end":{"line":65,"column":null}},"6":{"start":{"line":19,"column":29},"end":{"line":19,"column":76}},"7":{"start":{"line":20,"column":4},"end":{"line":22,"column":5}},"8":{"start":{"line":21,"column":6},"end":{"line":21,"column":65}},"9":{"start":{"line":24,"column":4},"end":{"line":37,"column":7}},"10":{"start":{"line":27,"column":35},"end":{"line":27,"column":39}},"11":{"start":{"line":28,"column":8},"end":{"line":30,"column":9}},"12":{"start":{"line":29,"column":10},"end":{"line":29,"column":64}},"13":{"start":{"line":31,"column":8},"end":{"line":31,"column":21}},"14":{"start":{"line":16,"column":21},"end":{"line":16,"column":36}},"15":{"start":{"line":17,"column":21},"end":{"line":17,"column":35}},"16":{"start":{"line":45,"column":25},"end":{"line":45,"column":65}},"17":{"start":{"line":46,"column":4},"end":{"line":48,"column":5}},"18":{"start":{"line":47,"column":6},"end":{"line":47,"column":71}},"19":{"start":{"line":51,"column":17},"end":{"line":51,"column":65}},"20":{"start":{"line":52,"column":4},"end":{"line":54,"column":5}},"21":{"start":{"line":53,"column":6},"end":{"line":53,"column":65}},"22":{"start":{"line":62,"column":36},"end":{"line":62,"column":40}},"23":{"start":{"line":63,"column":4},"end":{"line":63,"column":39}},"24":{"start":{"line":11,"column":13},"end":{"line":11,"column":31}},"25":{"start":{"line":11,"column":13},"end":{"line":65,"column":null}}},"fnMap":{"0":{"name":"(anonymous_2)","decl":{"start":{"line":15,"column":2},"end":{"line":15,"column":null}},"loc":{"start":{"line":17,"column":47},"end":{"line":38,"column":3}}},"1":{"name":"(anonymous_3)","decl":{"start":{"line":26,"column":22},"end":{"line":26,"column":23}},"loc":{"start":{"line":26,"column":54},"end":{"line":32,"column":7}}},"2":{"name":"(anonymous_4)","decl":{"start":{"line":41,"column":2},"end":{"line":41,"column":7}},"loc":{"start":{"line":43,"column":23},"end":{"line":64,"column":3}}}},"branchMap":{"0":{"loc":{"start":{"line":20,"column":4},"end":{"line":22,"column":5}},"type":"if","locations":[{"start":{"line":20,"column":4},"end":{"line":22,"column":5}}]},"1":{"loc":{"start":{"line":28,"column":8},"end":{"line":30,"column":9}},"type":"if","locations":[{"start":{"line":28,"column":8},"end":{"line":30,"column":9}}]},"2":{"loc":{"start":{"line":46,"column":4},"end":{"line":48,"column":5}},"type":"if","locations":[{"start":{"line":46,"column":4},"end":{"line":48,"column":5}}]},"3":{"loc":{"start":{"line":52,"column":4},"end":{"line":54,"column":5}},"type":"if","locations":[{"start":{"line":52,"column":4},"end":{"line":54,"column":5}}]}},"s":{"0":1,"1":1,"2":1,"3":1,"4":1,"5":1,"6":7,"7":7,"8":0,"9":7,"10":0,"11":0,"12":0,"13":0,"14":7,"15":7,"16":7,"17":7,"18":2,"19":5,"20":4,"21":2,"22":2,"23":2,"24":1,"25":1},"f":{"0":7,"1":0,"2":7},"b":{"0":[0],"1":[0],"2":[2],"3":[2]}}
,"/Users/giuseppesilva/DEV/Tests/EduMatch/src/auth/validators/email.validator.ts": {"path":"/Users/giuseppesilva/DEV/Tests/EduMatch/src/auth/validators/email.validator.ts","statementMap":{"0":{"start":{"line":140,"column":0},"end":{"line":140,"column":16}},"1":{"start":{"line":1,"column":0},"end":{"line":1,"column":null}},"2":{"start":{"line":12,"column":33},"end":{"line":23,"column":2}},"3":{"start":{"line":29,"column":7},"end":{"line":124,"column":null}},"4":{"start":{"line":37,"column":4},"end":{"line":39,"column":5}},"5":{"start":{"line":38,"column":6},"end":{"line":38,"column":19}},"6":{"start":{"line":43,"column":6},"end":{"line":43,"column":140}},"7":{"start":{"line":45,"column":4},"end":{"line":47,"column":5}},"8":{"start":{"line":46,"column":6},"end":{"line":46,"column":19}},"9":{"start":{"line":50,"column":4},"end":{"line":52,"column":5}},"10":{"start":{"line":51,"column":6},"end":{"line":51,"column":19}},"11":{"start":{"line":55,"column":19},"end":{"line":55,"column":53}},"12":{"start":{"line":56,"column":4},"end":{"line":58,"column":5}},"13":{"start":{"line":57,"column":6},"end":{"line":57,"column":19}},"14":{"start":{"line":61,"column":4},"end":{"line":63,"column":5}},"15":{"start":{"line":62,"column":6},"end":{"line":62,"column":19}},"16":{"start":{"line":65,"column":4},"end":{"line":65,"column":16}},"17":{"start":{"line":74,"column":18},"end":{"line":74,"column":38}},"18":{"start":{"line":76,"column":4},"end":{"line":78,"column":5}},"19":{"start":{"line":77,"column":6},"end":{"line":77,"column":48}},"20":{"start":{"line":80,"column":4},"end":{"line":82,"column":5}},"21":{"start":{"line":81,"column":6},"end":{"line":81,"column":59}},"22":{"start":{"line":84,"column":19},"end":{"line":84,"column":53}},"23":{"start":{"line":85,"column":4},"end":{"line":87,"column":5}},"24":{"start":{"line":86,"column":6},"end":{"line":86,"column":69}},"25":{"start":{"line":89,"column":4},"end":{"line":91,"column":5}},"26":{"start":{"line":90,"column":6},"end":{"line":90,"column":59}},"27":{"start":{"line":93,"column":4},"end":{"line":93,"column":77}},"28":{"start":{"line":104,"column":4},"end":{"line":106,"column":5}},"29":{"start":{"line":105,"column":6},"end":{"line":105,"column":18}},"30":{"start":{"line":109,"column":22},"end":{"line":109,"column":41}},"31":{"start":{"line":110,"column":4},"end":{"line":112,"column":5}},"32":{"start":{"line":111,"column":6},"end":{"line":111,"column":18}},"33":{"start":{"line":115,"column":31},"end":{"line":120,"column":6}},"34":{"start":{"line":122,"column":4},"end":{"line":122,"column":69}},"35":{"start":{"line":122,"column":48},"end":{"line":122,"column":67}},"36":{"start":{"line":29,"column":13},"end":{"line":29,"column":35}},"37":{"start":{"line":29,"column":13},"end":{"line":124,"column":null}},"38":{"start":{"line":143,"column":2},"end":{"line":152,"column":4}},"39":{"start":{"line":144,"column":4},"end":{"line":151,"column":7}}},"fnMap":{"0":{"name":"(anonymous_1)","decl":{"start":{"line":36,"column":2},"end":{"line":36,"column":10}},"loc":{"start":{"line":36,"column":52},"end":{"line":66,"column":3}}},"1":{"name":"(anonymous_2)","decl":{"start":{"line":73,"column":2},"end":{"line":73,"column":16}},"loc":{"start":{"line":73,"column":42},"end":{"line":94,"column":3}}},"2":{"name":"(anonymous_3)","decl":{"start":{"line":102,"column":10},"end":{"line":102,"column":31}},"loc":{"start":{"line":102,"column":45},"end":{"line":123,"column":3}}},"3":{"name":"(anonymous_4)","decl":{"start":{"line":122,"column":35},"end":{"line":122,"column":36}},"loc":{"start":{"line":122,"column":48},"end":{"line":122,"column":67}}},"4":{"name":"IsValidEmail","decl":{"start":{"line":140,"column":16},"end":{"line":140,"column":28}},"loc":{"start":{"line":141,"column":39},"end":{"line":153,"column":1}}},"5":{"name":"(anonymous_6)","decl":{"start":{"line":143,"column":9},"end":{"line":143,"column":19}},"loc":{"start":{"line":143,"column":64},"end":{"line":152,"column":3}}}},"branchMap":{"0":{"loc":{"start":{"line":37,"column":4},"end":{"line":39,"column":5}},"type":"if","locations":[{"start":{"line":37,"column":4},"end":{"line":39,"column":5}}]},"1":{"loc":{"start":{"line":37,"column":8},"end":{"line":37,"column":43}},"type":"binary-expr","locations":[{"start":{"line":37,"column":8},"end":{"line":37,"column":14}},{"start":{"line":37,"column":18},"end":{"line":37,"column":43}}]},"2":{"loc":{"start":{"line":45,"column":4},"end":{"line":47,"column":5}},"type":"if","locations":[{"start":{"line":45,"column":4},"end":{"line":47,"column":5}}]},"3":{"loc":{"start":{"line":50,"column":4},"end":{"line":52,"column":5}},"type":"if","locations":[{"start":{"line":50,"column":4},"end":{"line":52,"column":5}}]},"4":{"loc":{"start":{"line":56,"column":4},"end":{"line":58,"column":5}},"type":"if","locations":[{"start":{"line":56,"column":4},"end":{"line":58,"column":5}}]},"5":{"loc":{"start":{"line":56,"column":8},"end":{"line":56,"column":59}},"type":"binary-expr","locations":[{"start":{"line":56,"column":8},"end":{"line":56,"column":14}},{"start":{"line":56,"column":18},"end":{"line":56,"column":59}}]},"6":{"loc":{"start":{"line":61,"column":4},"end":{"line":63,"column":5}},"type":"if","locations":[{"start":{"line":61,"column":4},"end":{"line":63,"column":5}}]},"7":{"loc":{"start":{"line":76,"column":4},"end":{"line":78,"column":5}},"type":"if","locations":[{"start":{"line":76,"column":4},"end":{"line":78,"column":5}}]},"8":{"loc":{"start":{"line":76,"column":8},"end":{"line":76,"column":43}},"type":"binary-expr","locations":[{"start":{"line":76,"column":8},"end":{"line":76,"column":14}},{"start":{"line":76,"column":18},"end":{"line":76,"column":43}}]},"9":{"loc":{"start":{"line":80,"column":4},"end":{"line":82,"column":5}},"type":"if","locations":[{"start":{"line":80,"column":4},"end":{"line":82,"column":5}}]},"10":{"loc":{"start":{"line":85,"column":4},"end":{"line":87,"column":5}},"type":"if","locations":[{"start":{"line":85,"column":4},"end":{"line":87,"column":5}}]},"11":{"loc":{"start":{"line":85,"column":8},"end":{"line":85,"column":59}},"type":"binary-expr","locations":[{"start":{"line":85,"column":8},"end":{"line":85,"column":14}},{"start":{"line":85,"column":18},"end":{"line":85,"column":59}}]},"12":{"loc":{"start":{"line":89,"column":4},"end":{"line":91,"column":5}},"type":"if","locations":[{"start":{"line":89,"column":4},"end":{"line":91,"column":5}}]},"13":{"loc":{"start":{"line":104,"column":4},"end":{"line":106,"column":5}},"type":"if","locations":[{"start":{"line":104,"column":4},"end":{"line":106,"column":5}}]},"14":{"loc":{"start":{"line":110,"column":4},"end":{"line":112,"column":5}},"type":"if","locations":[{"start":{"line":110,"column":4},"end":{"line":112,"column":5}}]},"15":{"loc":{"start":{"line":110,"column":8},"end":{"line":110,"column":62}},"type":"binary-expr","locations":[{"start":{"line":110,"column":8},"end":{"line":110,"column":34}},{"start":{"line":110,"column":38},"end":{"line":110,"column":62}}]}},"s":{"0":2,"1":2,"2":2,"3":2,"4":60,"5":8,"6":52,"7":52,"8":15,"9":37,"10":2,"11":35,"12":35,"13":12,"14":23,"15":12,"16":11,"17":6,"18":6,"19":2,"20":4,"21":1,"22":3,"23":3,"24":1,"25":2,"26":1,"27":1,"28":25,"29":3,"30":22,"31":22,"32":4,"33":18,"34":18,"35":60,"36":2,"37":2,"38":1,"39":1},"f":{"0":60,"1":6,"2":25,"3":60,"4":1,"5":1},"b":{"0":[8],"1":[60,56],"2":[15],"3":[2],"4":[12],"5":[35,35],"6":[12],"7":[2],"8":[6,5],"9":[1],"10":[1],"11":[3,2],"12":[1],"13":[3],"14":[4],"15":[22,20]}}
,"/Users/giuseppesilva/DEV/Tests/EduMatch/src/auth/validators/strong-password.validator.ts": {"path":"/Users/giuseppesilva/DEV/Tests/EduMatch/src/auth/validators/strong-password.validator.ts","statementMap":{"0":{"start":{"line":76,"column":0},"end":{"line":76,"column":16}},"1":{"start":{"line":1,"column":0},"end":{"line":1,"column":44}},"2":{"start":{"line":2,"column":0},"end":{"line":2,"column":null}},"3":{"start":{"line":9,"column":0},"end":{"line":9,"column":63}},"4":{"start":{"line":17,"column":7},"end":{"line":59,"column":null}},"5":{"start":{"line":20,"column":31},"end":{"line":20,"column":48}},"6":{"start":{"line":29,"column":4},"end":{"line":31,"column":5}},"7":{"start":{"line":30,"column":6},"end":{"line":30,"column":19}},"8":{"start":{"line":34,"column":6},"end":{"line":34,"column":58}},"9":{"start":{"line":35,"column":4},"end":{"line":35,"column":36}},"10":{"start":{"line":44,"column":18},"end":{"line":44,"column":38}},"11":{"start":{"line":46,"column":4},"end":{"line":48,"column":5}},"12":{"start":{"line":47,"column":6},"end":{"line":47,"column":50}},"13":{"start":{"line":51,"column":6},"end":{"line":51,"column":58}},"14":{"start":{"line":53,"column":4},"end":{"line":55,"column":5}},"15":{"start":{"line":54,"column":6},"end":{"line":54,"column":98}},"16":{"start":{"line":57,"column":4},"end":{"line":57,"column":69}},"17":{"start":{"line":17,"column":13},"end":{"line":17,"column":39}},"18":{"start":{"line":17,"column":13},"end":{"line":59,"column":null}},"19":{"start":{"line":79,"column":2},"end":{"line":88,"column":4}},"20":{"start":{"line":80,"column":4},"end":{"line":87,"column":7}}},"fnMap":{"0":{"name":"(anonymous_2)","decl":{"start":{"line":20,"column":2},"end":{"line":20,"column":31}},"loc":{"start":{"line":20,"column":63},"end":{"line":20,"column":67}}},"1":{"name":"(anonymous_3)","decl":{"start":{"line":28,"column":2},"end":{"line":28,"column":10}},"loc":{"start":{"line":28,"column":52},"end":{"line":36,"column":3}}},"2":{"name":"(anonymous_4)","decl":{"start":{"line":43,"column":2},"end":{"line":43,"column":16}},"loc":{"start":{"line":43,"column":42},"end":{"line":58,"column":3}}},"3":{"name":"IsStrongPassword","decl":{"start":{"line":76,"column":16},"end":{"line":76,"column":32}},"loc":{"start":{"line":77,"column":39},"end":{"line":89,"column":1}}},"4":{"name":"(anonymous_6)","decl":{"start":{"line":79,"column":9},"end":{"line":79,"column":19}},"loc":{"start":{"line":79,"column":64},"end":{"line":88,"column":3}}}},"branchMap":{"0":{"loc":{"start":{"line":29,"column":4},"end":{"line":31,"column":5}},"type":"if","locations":[{"start":{"line":29,"column":4},"end":{"line":31,"column":5}}]},"1":{"loc":{"start":{"line":29,"column":8},"end":{"line":29,"column":43}},"type":"binary-expr","locations":[{"start":{"line":29,"column":8},"end":{"line":29,"column":14}},{"start":{"line":29,"column":18},"end":{"line":29,"column":43}}]},"2":{"loc":{"start":{"line":46,"column":4},"end":{"line":48,"column":5}},"type":"if","locations":[{"start":{"line":46,"column":4},"end":{"line":48,"column":5}}]},"3":{"loc":{"start":{"line":46,"column":8},"end":{"line":46,"column":43}},"type":"binary-expr","locations":[{"start":{"line":46,"column":8},"end":{"line":46,"column":14}},{"start":{"line":46,"column":18},"end":{"line":46,"column":43}}]},"4":{"loc":{"start":{"line":53,"column":4},"end":{"line":55,"column":5}},"type":"if","locations":[{"start":{"line":53,"column":4},"end":{"line":55,"column":5}}]}},"s":{"0":2,"1":2,"2":2,"3":2,"4":2,"5":20,"6":34,"7":9,"8":25,"9":25,"10":14,"11":14,"12":7,"13":7,"14":7,"15":5,"16":2,"17":2,"18":2,"19":1,"20":1},"f":{"0":20,"1":34,"2":14,"3":1,"4":1},"b":{"0":[9],"1":[34,29],"2":[7],"3":[14,11],"4":[5]}}
,"/Users/giuseppesilva/DEV/Tests/EduMatch/src/casl/casl-ability.factory.ts": {"path":"/Users/giuseppesilva/DEV/Tests/EduMatch/src/casl/casl-ability.factory.ts","statementMap":{"0":{"start":{"line":1,"column":0},"end":{"line":1,"column":null}},"1":{"start":{"line":7,"column":0},"end":{"line":7,"column":52}},"2":{"start":{"line":8,"column":0},"end":{"line":8,"column":76}},"3":{"start":{"line":9,"column":0},"end":{"line":9,"column":67}},"4":{"start":{"line":10,"column":0},"end":{"line":10,"column":72}},"5":{"start":{"line":29,"column":31},"end":{"line":143,"column":null}},"6":{"start":{"line":30,"column":28},"end":{"line":30,"column":63}},"7":{"start":{"line":32,"column":31},"end":{"line":32,"column":51}},"8":{"start":{"line":50,"column":4},"end":{"line":53,"column":7}},"9":{"start":{"line":55,"column":35},"end":{"line":56,"column":null}},"10":{"start":{"line":60,"column":4},"end":{"line":69,"column":5}},"11":{"start":{"line":61,"column":6},"end":{"line":61,"column":32}},"12":{"start":{"line":62,"column":6},"end":{"line":62,"column":78}},"13":{"start":{"line":63,"column":11},"end":{"line":69,"column":5}},"14":{"start":{"line":64,"column":6},"end":{"line":64,"column":30}},"15":{"start":{"line":65,"column":6},"end":{"line":65,"column":79}},"16":{"start":{"line":67,"column":6},"end":{"line":67,"column":30}},"17":{"start":{"line":68,"column":6},"end":{"line":68,"column":77}},"18":{"start":{"line":72,"column":4},"end":{"line":141,"column":5}},"19":{"start":{"line":73,"column":28},"end":{"line":74,"column":null}},"20":{"start":{"line":77,"column":6},"end":{"line":80,"column":9}},"21":{"start":{"line":82,"column":6},"end":{"line":125,"column":9}},"22":{"start":{"line":83,"column":23},"end":{"line":83,"column":50}},"23":{"start":{"line":84,"column":24},"end":{"line":84,"column":71}},"24":{"start":{"line":85,"column":61},"end":{"line":85,"column":70}},"25":{"start":{"line":88,"column":8},"end":{"line":101,"column":9}},"26":{"start":{"line":89,"column":10},"end":{"line":94,"column":11}},"27":{"start":{"line":90,"column":12},"end":{"line":93,"column":14}},"28":{"start":{"line":96,"column":10},"end":{"line":100,"column":13}},"29":{"start":{"line":104,"column":8},"end":{"line":124,"column":9}},"30":{"start":{"line":105,"column":10},"end":{"line":107,"column":12}},"31":{"start":{"line":108,"column":10},"end":{"line":113,"column":13}},"32":{"start":{"line":115,"column":10},"end":{"line":117,"column":12}},"33":{"start":{"line":118,"column":10},"end":{"line":123,"column":13}},"34":{"start":{"line":127,"column":6},"end":{"line":131,"column":9}},"35":{"start":{"line":133,"column":6},"end":{"line":133,"column":21}},"36":{"start":{"line":135,"column":6},"end":{"line":139,"column":9}},"37":{"start":{"line":140,"column":6},"end":{"line":140,"column":18}},"38":{"start":{"line":29,"column":13},"end":{"line":29,"column":31}},"39":{"start":{"line":29,"column":13},"end":{"line":143,"column":null}}},"fnMap":{"0":{"name":"(anonymous_2)","decl":{"start":{"line":32,"column":2},"end":{"line":32,"column":31}},"loc":{"start":{"line":32,"column":69},"end":{"line":32,"column":73}}},"1":{"name":"(anonymous_3)","decl":{"start":{"line":49,"column":2},"end":{"line":49,"column":7}},"loc":{"start":{"line":49,"column":50},"end":{"line":142,"column":3}}},"2":{"name":"(anonymous_4)","decl":{"start":{"line":82,"column":28},"end":{"line":82,"column":29}},"loc":{"start":{"line":82,"column":61},"end":{"line":125,"column":7}}}},"branchMap":{"0":{"loc":{"start":{"line":60,"column":4},"end":{"line":69,"column":5}},"type":"if","locations":[{"start":{"line":60,"column":4},"end":{"line":69,"column":5}},{"start":{"line":63,"column":11},"end":{"line":69,"column":5}}]},"1":{"loc":{"start":{"line":63,"column":11},"end":{
[...]
{"line":8,"column":null}},"3":{"start":{"line":9,"column":2},"end":{"line":9,"column":null}},"4":{"start":{"line":10,"column":2},"end":{"line":10,"column":null}},"5":{"start":{"line":11,"column":2},"end":{"line":11,"column":null}},"6":{"start":{"line":12,"column":2},"end":{"line":12,"column":null}},"7":{"start":{"line":13,"column":2},"end":{"line":13,"column":null}},"8":{"start":{"line":17,"column":0},"end":{"line":20,"column":3}},"9":{"start":{"line":23,"column":0},"end":{"line":26,"column":3}},"10":{"start":{"line":36,"column":7},"end":{"line":104,"column":null}},"11":{"start":{"line":36,"column":13},"end":{"line":36,"column":23}},"12":{"start":{"line":42,"column":2},"end":{"line":42,"column":null}},"13":{"start":{"line":41,"column":15},"end":{"line":41,"column":17}},"14":{"start":{"line":51,"column":2},"end":{"line":51,"column":null}},"15":{"start":{"line":48,"column":15},"end":{"line":48,"column":21}},"16":{"start":{"line":60,"column":2},"end":{"line":60,"column":null}},"17":{"start":{"line":57,"column":15},"end":{"line":57,"column":21}},"18":{"start":{"line":70,"column":2},"end":{"line":70,"column":null}},"19":{"start":{"line":66,"column":15},"end":{"line":66,"column":21}},"20":{"start":{"line":80,"column":2},"end":{"line":80,"column":null}},"21":{"start":{"line":76,"column":15},"end":{"line":76,"column":21}},"22":{"start":{"line":90,"column":2},"end":{"line":90,"column":null}},"23":{"start":{"line":86,"column":15},"end":{"line":86,"column":22}},"24":{"start":{"line":100,"column":2},"end":{"line":100,"column":null}},"25":{"start":{"line":96,"column":15},"end":{"line":96,"column":21}},"26":{"start":{"line":36,"column":13},"end":{"line":104,"column":null}}},"fnMap":{"0":{"name":"(anonymous_2)","decl":{"start":{"line":8,"column":0},"end":{"line":8,"column":12}},"loc":{"start":{"line":8,"column":18},"end":{"line":14,"column":1}}},"1":{"name":"(anonymous_3)","decl":{"start":{"line":41,"column":9},"end":{"line":41,"column":12}},"loc":{"start":{"line":41,"column":15},"end":{"line":41,"column":17}}},"2":{"name":"(anonymous_4)","decl":{"start":{"line":48,"column":9},"end":{"line":48,"column":12}},"loc":{"start":{"line":48,"column":15},"end":{"line":48,"column":21}}},"3":{"name":"(anonymous_5)","decl":{"start":{"line":57,"column":9},"end":{"line":57,"column":12}},"loc":{"start":{"line":57,"column":15},"end":{"line":57,"column":21}}},"4":{"name":"(anonymous_6)","decl":{"start":{"line":66,"column":9},"end":{"line":66,"column":12}},"loc":{"start":{"line":66,"column":15},"end":{"line":66,"column":21}}},"5":{"name":"(anonymous_7)","decl":{"start":{"line":76,"column":9},"end":{"line":76,"column":12}},"loc":{"start":{"line":76,"column":15},"end":{"line":76,"column":21}}},"6":{"name":"(anonymous_8)","decl":{"start":{"line":86,"column":9},"end":{"line":86,"column":12}},"loc":{"start":{"line":86,"column":15},"end":{"line":86,"column":22}}},"7":{"name":"(anonymous_9)","decl":{"start":{"line":96,"column":9},"end":{"line":96,"column":12}},"loc":{"start":{"line":96,"column":15},"end":{"line":96,"column":21}}}},"branchMap":{"0":{"loc":{"start":{"line":8,"column":12},"end":{"line":8,"column":null}},"type":"binary-expr","locations":[{"start":{"line":8,"column":12},"end":{"line":8,"column":18}},{"start":{"line":8,"column":18},"end":{"line":8,"column":null}}]}},"s":{"0":2,"1":2,"2":2,"3":2,"4":2,"5":2,"6":2,"7":2,"8":2,"9":2,"10":2,"11":2,"12":2,"13":0,"14":2,"15":0,"16":2,"17":0,"18":2,"19":0,"20":2,"21":0,"22":2,"23":0,"24":2,"25":0,"26":2},"f":{"0":2,"1":0,"2":0,"3":0,"4":0,"5":0,"6":0,"7":0},"b":{"0":[2,2]}}
,"/Users/giuseppesilva/DEV/Tests/EduMatch/src/users/users.module.ts": {"path":"/Users/giuseppesilva/DEV/Tests/EduMatch/src/users/users.module.ts","statementMap":{"0":{"start":{"line":1,"column":0},"end":{"line":1,"column":40}},"1":{"start":{"line":2,"column":0},"end":{"line":2,"column":47}},"2":{"start":{"line":14,"column":7},"end":{"line":14,"column":null}},"3":{"start":{"line":14,"column":13},"end":{"line":14,"column":24}},"4":{"start":{"line":14,"column":13},"end":{"line":14,"column":null}}},"fnMap":{},"branchMap":{},"s":{"0":0,"1":0,"2":0,"3":0,"4":0},"f":{},"b":{}}
,"/Users/giuseppesilva/DEV/Tests/EduMatch/src/users/users.service.ts": {"path":"/Users/giuseppesilva/DEV/Tests/EduMatch/src/users/users.service.ts","statementMap":{"0":{"start":{"line":1,"column":0},"end":{"line":1,"column":52}},"1":{"start":{"line":3,"column":0},"end":{"line":3,"column":33}},"2":{"start":{"line":4,"column":0},"end":{"line":4,"column":59}},"3":{"start":{"line":11,"column":25},"end":{"line":159,"column":null}},"4":{"start":{"line":12,"column":28},"end":{"line":12,"column":57}},"5":{"start":{"line":14,"column":31},"end":{"line":14,"column":39}},"6":{"start":{"line":22,"column":4},"end":{"line":31,"column":5}},"7":{"start":{"line":23,"column":19},"end":{"line":23,"column":71}},"8":{"start":{"line":24,"column":6},"end":{"line":26,"column":7}},"9":{"start":{"line":25,"column":8},"end":{"line":25,"column":60}},"10":{"start":{"line":27,"column":6},"end":{"line":27,"column":18}},"11":{"start":{"line":29,"column":6},"end":{"line":29,"column":71}},"12":{"start":{"line":30,"column":6},"end":{"line":30,"column":18}},"13":{"start":{"line":40,"column":4},"end":{"line":49,"column":5}},"14":{"start":{"line":41,"column":19},"end":{"line":41,"column":74}},"15":{"start":{"line":42,"column":6},"end":{"line":44,"column":7}},"16":{"start":{"line":43,"column":8},"end":{"line":43,"column":66}},"17":{"start":{"line":45,"column":6},"end":{"line":45,"column":18}},"18":{"start":{"line":47,"column":6},"end":{"line":47,"column":77}},"19":{"start":{"line":48,"column":6},"end":{"line":48,"column":18}},"20":{"start":{"line":58,"column":4},"end":{"line":70,"column":5}},"21":{"start":{"line":59,"column":19},"end":{"line":59,"column":77}},"22":{"start":{"line":60,"column":6},"end":{"line":62,"column":7}},"23":{"start":{"line":61,"column":8},"end":{"line":61,"column":72}},"24":{"start":{"line":63,"column":6},"end":{"line":63,"column":18}},"25":{"start":{"line":65,"column":6},"end":{"line":68,"column":8}},"26":{"start":{"line":69,"column":6},"end":{"line":69,"column":18}},"27":{"start":{"line":81,"column":4},"end":{"line":100,"column":5}},"28":{"start":{"line":83,"column":25},"end":{"line":83,"column":27}},"29":{"start":{"line":84,"column":29},"end":{"line":84,"column":73}},"30":{"start":{"line":86,"column":22},"end":{"line":91,"column":8}},"31":{"start":{"line":93,"column":6},"end":{"line":95,"column":8}},"32":{"start":{"line":96,"column":6},"end":{"line":96,"column":21}},"33":{"start":{"line":98,"column":6},"end":{"line":98,"column":57}},"34":{"start":{"line":99,"column":6},"end":{"line":99,"column":18}},"35":{"start":{"line":116,"column":28},"end":{"line":116,"column":34}},"36":{"start":{"line":118,"column":4},"end":{"line":137,"column":5}},"37":{"start":{"line":120,"column":6},"end":{"line":123,"column":7}},"38":{"start":{"line":121,"column":27},"end":{"line":121,"column":29}},"39":{"start":{"line":122,"column":8},"end":{"line":122,"column":69}},"40":{"start":{"line":125,"column":26},"end":{"line":128,"column":8}},"41":{"start":{"line":130,"column":6},"end":{"line":132,"column":8}},"42":{"start":{"line":133,"column":6},"end":{"line":133,"column":25}},"43":{"start":{"line":135,"column":6},"end":{"line":135,"column":61}},"44":{"start":{"line":136,"column":6},"end":{"line":136,"column":18}},"45":{"start":{"line":147,"column":4},"end":{"line":157,"column":5}},"46":{"start":{"line":148,"column":26},"end":{"line":148,"column":66}},"47":{"start":{"line":150,"column":6},"end":{"line":152,"column":8}},"48":{"start":{"line":153,"column":6},"end":{"line":153,"column":25}},"49":{"start":{"line":155,"column":6},"end":{"line":155,"column":59}},"50":{"start":{"line":156,"column":6},"end":{"line":156,"column":18}},"51":{"start":{"line":11,"column":13},"end":{"line":11,"column":25}},"52":{"start":{"line":11,"column":13},"end":{"line":159,"column":null}}},"fnMap":{"0":{"name":"(anonymous_2)","decl":{"start":{"line":14,"column":2},"end":{"line":14,"column":31}},"loc":{"start":{"line":14,"column":52},"end":{"line":14,"column":56}}},"1":{"name":"(anonymous_3)","decl":{"start":{"line":21,"column":2},"end":{"line":21,"column":7}},"loc":{"start":{"line":21,"column":30},"end":{"line":32,"column":3}}},"2":{"name":"(anonymous_4)","decl":{"start":{"line":39,"column":2},"end":{"line":39,"column":7}},"loc":{"start":{"line":39,"column":36},"end":{"line":50,"column":3}}},"3":{"name":"(anonymous_5)","decl":{"start":{"line":57,"column":2},"end":{"line":57,"column":7}},"loc":{"start":{"line":57,"column":42},"end":{"line":71,"column":3}}},"4":{"name":"(anonymous_6)","decl":{"start":{"line":80,"column":2},"end":{"line":80,"column":7}},"loc":{"start":{"line":80,"column":47},"end":{"line":101,"column":3}}},"5":{"name":"(anonymous_7)","decl":{"start":{"line":112,"column":2},"end":{"line":112,"column":7}},"loc":{"start":{"line":115,"column":3},"end":{"line":138,"column":3}}},"6":{"name":"(anonymous_8)","decl":{"start":{"line":146,"column":2},"end":{"line":146,"column":7}},"loc":{"start":{"line":146,"column":53},"end":{"line":158,"column":3}}}},"branchMap":{"0":{"loc":{"start":{"line":24,"column":6},"end":{"line":26,"column":7}},"type":"if","locations":[{"start":{"line":24,"column":6},"end":{"line":26,"column":7}}]},"1":{"loc":{"start":{"line":42,"column":6},"end":{"line":44,"column":7}},"type":"if","locations":[{"start":{"line":42,"column":6},"end":{"line":44,"column":7}}]},"2":{"loc":{"start":{"line":60,"column":6},"end":{"line":62,"column":7}},"type":"if","locations":[{"start":{"line":60,"column":6},"end":{"line":62,"column":7}}]},"3":{"loc":{"start":{"line":120,"column":6},"end":{"line":123,"column":7}},"type":"if","locations":[{"start":{"line":120,"column":6},"end":{"line":123,"column":7}}]}},"s":{"0":7,"1":7,"2":7,"3":7,"4":6,"5":6,"6":2,"7":2,"8":2,"9":1,"10":2,"11":0,"12":0,"13":1,"14":1,"15":1,"16":1,"17":1,"18":0,"19":0,"20":1,"21":1,"22":1,"23":1,"24":1,"25":0,"26":0,"27":1,"28":1,"29":1,"30":1,"31":1,"32":1,"33":0,"34":0,"35":0,"36":0,"37":0,"38":0,"39":0,"40":0,"41":0,"42":0,"43":0,"44":0,"45":0,"46":0,"47":0,"48":0,"49":0,"50":0,"51":7,"52":7},"f":{"0":6,"1":2,"2":1,"3":1,"4":1,"5":0,"6":0},"b":{"0":[1],"1":[1],"2":[1],"3":[0]}}
,"/Users/giuseppesilva/DEV/Tests/EduMatch/src/users/entities/user.entity.ts": {"path":"/Users/giuseppesilva/DEV/Tests/EduMatch/src/users/entities/user.entity.ts","statementMap":{"0":{"start":{"line":1,"column":0},"end":{"line":1,"column":56}},"1":{"start":{"line":2,"column":0},"end":{"line":2,"column":38}},"2":{"start":{"line":11,"column":7},"end":{"line":61,"column":null}},"3":{"start":{"line":11,"column":13},"end":{"line":11,"column":17}},"4":{"start":{"line":17,"column":2},"end":{"line":17,"column":null}},"5":{"start":{"line":16,"column":15},"end":{"line":16,"column":17}},"6":{"start":{"line":24,"column":2},"end":{"line":24,"column":null}},"7":{"start":{"line":23,"column":15},"end":{"line":23,"column":21}},"8":{"start":{"line":31,"column":2},"end":{"line":31,"column":null}},"9":{"start":{"line":30,"column":15},"end":{"line":30,"column":21}},"10":{"start":{"line":40,"column":2},"end":{"line":40,"column":null}},"11":{"start":{"line":39,"column":15},"end":{"line":39,"column":19}},"12":{"start":{"line":47,"column":2},"end":{"line":47,"column":null}},"13":{"start":{"line":46,"column":15},"end":{"line":46,"column":19}},"14":{"start":{"line":56,"column":2},"end":{"line":56,"column":null}},"15":{"start":{"line":53,"column":15},"end":{"line":53,"column":19}},"16":{"start":{"line":11,"column":13},"end":{"line":61,"column":null}}},"fnMap":{"0":{"name":"(anonymous_2)","decl":{"start":{"line":16,"column":9},"end":{"line":16,"column":12}},"loc":{"start":{"line":16,"column":15},"end":{"line":16,"column":17}}},"1":{"name":"(anonymous_3)","decl":{"start":{"line":23,"column":9},"end":{"line":23,"column":12}},"loc":{"start":{"line":23,"column":15},"end":{"line":23,"column":21}}},"2":{"name":"(anonymous_4)","decl":{"start":{"line":30,"column":9},"end":{"line":30,"column":12}},"loc":{"start":{"line":30,"column":15},"end":{"line":30,"column":21}}},"3":{"name":"(anonymous_5)","decl":{"start":{"line":39,"column":9},"end":{"line":39,"column":12}},"loc":{"start":{"line":39,"column":15},"end":{"line":39,"column":19}}},"4":{"name":"(anonymous_6)","decl":{"start":{"line":46,"column":9},"end":{"line":46,"column":12}},"loc":{"start":{"line":46,"column":15},"end":{"line":46,"column":19}}},"5":{"name":"(anonymous_7)","decl":{"start":{"line":53,"column":9},"end":{"line":53,"column":12}},"loc":{"start":{"line":53,"column":15},"end":{"line":53,"column":19}}}},"branchMap":{},"s":{"0":2,"1":2,"2":2,"3":2,"4":2,"5":0,"6":2,"7":0,"8":2,"9":0,"10":2,"11":0,"12":2,"13":0,"14":2,"15":0,"16":2},"f":{"0":0,"1":0,"2":0,"3":0,"4":0,"5":0},"b":{}}
,"/Users/giuseppesilva/DEV/Tests/EduMatch/src/users/resolvers/users.resolver.ts": {"path":"/Users/giuseppesilva/DEV/Tests/EduMatch/src/users/resolvers/users.resolver.ts","statementMap":{"0":{"start":{"line":1,"column":0},"end":{"line":1,"column":63}},"1":{"start":{"line":2,"column":0},"end":{"line":2,"column":null}},"2":{"start":{"line":13,"column":0},"end":{"line":13,"column":63}},"3":{"start":{"line":14,"column":0},"end":{"line":14,"column":64}},"4":{"start":{"line":15,"column":0},"end":{"line":15,"column":85}},"5":{"start":{"line":16,"column":0},"end":{"line":16,"column":57}},"6":{"start":{"line":17,"column":0},"end":{"line":17,"column":77}},"7":{"start":{"line":18,"column":0},"end":{"line":18,"column":70}},"8":{"start":{"line":19,"column":0},"end":{"line":19,"column":61}},"9":{"start":{"line":20,"column":0},"end":{"line":20,"column":48}},"10":{"start":{"line":27,"column":0},"end":{"line":39,"column":null}},"11":{"start":{"line":30,"column":2},"end":{"line":30,"column":null}},"12":{"start":{"line":34,"column":2},"end":{"line":34,"column":null}},"13":{"start":{"line":38,"column":2},"end":{"line":38,"column":null}},"14":{"start":{"line":27,"column":6},"end":{"line":39,"column":null}},"15":{"start":{"line":42,"column":0},"end":{"line":52,"column":null}},"16":{"start":{"line":51,"column":2},"end":{"line":51,"column":null}},"17":{"start":{"line":42,"column":6},"end":{"line":52,"column":null}},"18":{"start":{"line":60,"column":7},"end":{"line":213,"column":null}},"19":{"start":{"line":61,"column":31},"end":{"line":61,"column":45}},"20":{"start":{"line":91,"column":4},"end":{"line":91,"column":30}},"21":{"start":{"line":122,"column":17},"end":{"line":122,"column":56}},"22":{"start":{"line":123,"column":4},"end":{"line":123,"column":37}},"23":{"start":{"line":157,"column":27},"end":{"line":157,"column":41}},"24":{"start":{"line":159,"column":58},"end":{"line":159,"column":60}},"25":{"start":{"line":160,"column":4},"end":{"line":160,"column":74}},"26":{"start":{"line":160,"column":31},"end":{"line":160,"column":74}},"27":{"start":{"line":161,"column":4},"end":{"line":162,"column":55}},"28":{"start":{"line":162,"column":6},"end":{"line":162,"column":55}},"29":{"start":{"line":163,"column":4},"end":{"line":164,"column":55}},"30":{"start":{"line":164,"column":6},"end":{"line":164,"column":55}},"31":{"start":{"line":166,"column":4},"end":{"line":169,"column":5}},"32":{"start":{"line":168,"column":6},"end":{"line":168,"column":39}},"33":{"start":{"line":171,"column":24},"end":{"line":174,"column":6}},"34":{"start":{"line":175,"column":4},"end":{"line":175,"column":37}},"35":{"start":{"line":207,"column":4},"end":{"line":209,"column":5}},"36":{"start":{"line":208,"column":6},"end":{"line":208,"column":79}},"37":{"start":{"line":210,"column":24},"end":{"line":210,"column":66}},"38":{"start":{"line":211,"column":4},"end":{"line":211,"column":37}},"39":{"start":{"line":60,"column":13},"end":{"line":60,"column":26}},"40":{"start":{"line":86,"column":2},"end":{"line":92,"column":null}},"41":{"start":{"line":83,"column":15},"end":{"line":83,"column":25}},"42":{"start":{"line":119,"column":8},"end":{"line":124,"column":null}},"43":{"start":{"line":113,"column":15},"end":{"line":113,"column":25}},"44":{"start":{"line":120,"column":30},"end":{"line":120,"column":32}},"45":{"start":{"line":152,"column":8},"end":{"line":176,"column":null}},"46":{"start":{"line":149,"column":18},"end":{"line":149,"column":28}},"47":{"start":{"line":202,"column":8},"end":{"line":212,"column":null}},"48":{"start":{"line":197,"column":18},"end":{"line":197,"column":28}},"49":{"start":{"line":203,"column":30},"end":{"line":203,"column":32}},"50":{"start":{"line":60,"column":13},"end":{"line":213,"column":null}},"51":{"start":{"line":58,"column":16},"end":{"line":58,"column":26}}},"fnMap":{"0":{"name":"(anonymous_4)","decl":{"start":{"line":61,"column":2},"end":{"line":61,"column":31}},"loc":{"start":{"line":61,"column":57},"end":{"line":61,"column":61}}},"1":{"name":"(anonymous_5)","decl":{"start":{"line":86,"column":2},"end":{"line":86,"column":4}},"loc":{"start":{"line":86,"column":36},"end":{"line":92,"column":3}}},"2":{"name":"(anonymous_6)","decl":{"start":{"line":119,"column":2},"end":{"line":119,"column":7}},"loc":{"start":{"line":120,"column":46},"end":{"line":124,"column":3}}},"3":{"name":"(anonymous_7)","decl":{"start":{"line":152,"column":2},"end":{"line":152,"column":7}},"loc":{"start":{"line":154,"column":61},"end":{"line":176,"column":3}}},"4":{"name":"(anonymous_8)","decl":{"start":{"line":202,"column":2},"end":{"line":202,"column":7}},"loc":{"start":{"line":204,"column":42},"end":{"line":212,"column":3}}},"5":{"name":"(anonymous_9)","decl":{"start":{"line":83,"column":9},"end":{"line":83,"column":12}},"loc":{"start":{"line":83,"column":15},"end":{"line":83,"column":25}}},"6":{"name":"(anonymous_10)","decl":{"start":{"line":113,"column":9},"end":{"line":113,"column":12}},"loc":{"start":{"line":113,"column":15},"end":{"line":113,"column":25}}},"7":{"name":"(anonymous_11)","decl":{"start":{"line":120,"column":24},"end":{"line":120,"column":27}},"loc":{"start":{"line":120,"column":30},"end":{"line":120,"column":32}}},"8":{"name":"(anonymous_12)","decl":{"start":{"line":149,"column":12},"end":{"line":149,"column":15}},"loc":{"start":{"line":149,"column":18},"end":{"line":149,"column":28}}},"9":{"name":"(anonymous_13)","decl":{"start":{"line":197,"column":12},"end":{"line":197,"column":15}},"loc":{"start":{"line":197,"column":18},"end":{"line":197,"column":28}}},"10":{"name":"(anonymous_14)","decl":{"start":{"line":203,"column":24},"end":{"line":203,"column":27}},"loc":{"start":{"line":203,"column":30},"end":{"line":203,"column":32}}},"11":{"name":"(anonymous_15)","decl":{"start":{"line":58,"column":10},"end":{"line":58,"column":13}},"loc":{"start":{"line":58,"column":16},"end":{"line":58,"column":26}}}},"branchMap":{"0":{"loc":{"start":{"line":160,"column":4},"end":{"line":160,"column":74}},"type":"if","locations":[{"start":{"line":160,"column":4},"end":{"line":160,"column":74}}]},"1":{"loc":{"start":{"line":161,"column":4},"end":{"line":162,"column":55}},"type":"if","locations":[{"start":{"line":161,"column":4},"end":{"line":162,"column":55}}]},"2":{"loc":{"start":{"line":163,"column":4},"end":{"line":164,"column":55}},"type":"if","locations":[{"start":{"line":163,"column":4},"end":{"line":164,"column":55}}]},"3":{"loc":{"start":{"line":166,"column":4},"end":{"line":169,"column":5}},"type":"if","locations":[{"start":{"line":166,"column":4},"end":{"line":169,"column":5}}]},"4":{"loc":{"start":{"line":207,"column":4},"end":{"line":209,"column":5}},"type":"if","locations":[{"start":{"line":207,"column":4},"end":{"line":209,"column":5}}]}},"s":{"0":1,"1":1,"2":1,"3":1,"4":1,"5":1,"6":1,"7":1,"8":1,"9":1,"10":1,"11":1,"12":1,"13":1,"14":1,"15":1,"16":1,"17":1,"18":1,"19":7,"20":1,"21":2,"22":2,"23":3,"24":3,"25":3,"26":2,"27":3,"28":1,"29":3,"30":0,"31":3,"32":1,"33":2,"34":2,"35":0,"36":0,"37":0,"38":0,"39":1,"40":1,"41":0,"42":1,"43":0,"44":0,"45":1,"46":0,"47":1,"48":0,"49":0,"50":1,"51":2},"f":{"0":7,"1":1,"2":2,"3":3,"4":0,"5":0,"6":0,"7":0,"8":0,"9":0,"10":0,"11":2},"b":{"0":[2],"1":[1],"2":[0],"3":[1],"4":[0]}}
}
