TN:
SF:src/app.controller.ts
FN:10,(anonymous_2)
FN:17,(anonymous_3)
FNF:2
FNH:2
FNDA:1,(anonymous_2)
FNDA:1,(anonymous_3)
DA:1,1
DA:2,1
DA:9,1
DA:10,1
DA:17,1
DA:18,1
LF:6
LH:6
BRF:0
BRH:0
end_of_record
TN:
SF:src/app.module.ts
FN:33,(anonymous_1)
FNF:1
FNH:0
FNDA:0,(anonymous_1)
DA:1,0
DA:2,0
DA:3,0
DA:5,0
DA:6,0
DA:7,0
DA:8,0
DA:9,0
DA:10,0
DA:11,0
DA:12,0
DA:13,0
DA:14,0
DA:15,0
DA:33,0
DA:45,0
LF:16
LH:0
BRF:0
BRH:0
end_of_record
TN:
SF:src/app.service.ts
FN:13,(anonymous_1)
FNF:1
FNH:1
FNDA:1,(anonymous_1)
DA:1,1
DA:8,1
DA:14,1
LF:3
LH:3
BRF:0
BRH:0
end_of_record
TN:
SF:src/main.ts
FN:7,bootstrap
FN:39,(anonymous_1)
FNF:2
FNH:0
FNDA:0,bootstrap
FNDA:0,(anonymous_1)
DA:1,0
DA:2,0
DA:3,0
DA:4,0
DA:5,0
DA:8,0
DA:13,0
DA:16,0
DA:19,0
DA:28,0
DA:33,0
DA:34,0
DA:35,0
DA:39,0
DA:40,0
DA:41,0
DA:42,0
LF:17
LH:0
BRDA:33,0,0,0
BRDA:33,0,1,0
BRF:2
BRH:0
end_of_record
TN:
SF:src/auth/auth.module.ts
FN:31,(anonymous_1)
FNF:1
FNH:0
FNDA:0,(anonymous_1)
DA:1,0
DA:2,0
DA:3,0
DA:4,0
DA:5,0
DA:6,0
DA:7,0
DA:8,0
DA:9,0
DA:11,0
DA:12,0
DA:13,0
DA:15,0
DA:16,0
DA:31,0
DA:63,0
LF:16
LH:0
BRF:0
BRH:0
end_of_record
TN:
SF:src/auth/auth.service.ts
FN:21,(anonymous_2)
FN:30,(anonymous_3)
FN:46,(anonymous_4)
FN:61,(anonymous_5)
FN:71,(anonymous_6)
FN:82,(anonymous_7)
FN:96,(anonymous_8)
FN:115,(anonymous_9)
FN:128,(anonymous_10)
FNF:9
FNH:9
FNDA:16,(anonymous_2)
FNDA:3,(anonymous_3)
FNDA:2,(anonymous_4)
FNDA:2,(anonymous_5)
FNDA:1,(anonymous_6)
FNDA:1,(anonymous_7)
FNDA:2,(anonymous_8)
FNDA:2,(anonymous_9)
FNDA:2,(anonymous_10)
DA:1,2
DA:6,2
DA:18,2
DA:19,16
DA:21,16
DA:34,3
DA:35,3
DA:50,2
DA:51,2
DA:62,2
DA:63,2
DA:74,1
DA:75,1
DA:83,1
DA:84,1
DA:101,2
DA:102,2
DA:119,2
DA:120,2
DA:129,2
DA:130,2
LF:21
LH:21
BRDA:117,0,0,0
BRDA:119,1,0,1
BRDA:119,1,1,1
BRF:3
BRH:2
end_of_record
TN:
SF:src/auth/dto/change-password.dto.ts
FNF:0
FNH:0
DA:1,0
DA:2,0
DA:8,0
DA:15,0
DA:26,0
DA:34,0
LF:6
LH:0
BRF:0
BRH:0
end_of_record
TN:
SF:src/auth/dto/login.dto.ts
FN:18,(anonymous_2)
FN:31,(anonymous_3)
FNF:2
FNH:0
FNDA:0,(anonymous_2)
FNDA:0,(anonymous_3)
DA:1,1
DA:2,1
DA:8,1
DA:19,0
DA:21,1
DA:32,0
DA:34,1
LF:7
LH:5
BRDA:19,0,0,0
BRDA:19,0,1,0
BRDA:32,1,0,0
BRDA:32,1,1,0
BRF:4
BRH:0
end_of_record
TN:
SF:src/auth/dto/register.dto.ts
FNF:0
FNH:0
DA:1,1
DA:2,1
DA:3,1
DA:9,1
DA:23,1
DA:34,1
DA:47,1
LF:7
LH:7
BRF:0
BRH:0
end_of_record
TN:
SF:src/auth/entities/auth-payload.entity.ts
FN:8,(anonymous_2)
FN:20,(anonymous_3)
FN:25,(anonymous_4)
FNF:3
FNH:0
FNDA:0,(anonymous_2)
FNDA:0,(anonymous_3)
FNDA:0,(anonymous_4)
DA:1,1
DA:7,1
DA:8,0
DA:9,1
DA:19,1
DA:20,0
DA:23,1
DA:25,0
DA:29,1
LF:9
LH:6
BRF:0
BRH:0
end_of_record
TN:
SF:src/auth/guards/jwt-auth.guard.ts
FN:14,(anonymous_2)
FN:24,(anonymous_3)
FNF:2
FNH:1
FNDA:7,(anonymous_2)
FNDA:0,(anonymous_3)
DA:1,1
DA:2,1
DA:3,1
DA:5,1
DA:13,1
DA:14,7
DA:15,7
DA:28,0
DA:34,0
DA:35,0
DA:39,0
LF:11
LH:7
BRDA:34,0,0,0
BRF:1
BRH:0
end_of_record
TN:
SF:src/auth/guards/refresh-jwt.guard.ts
FNF:0
FNH:0
DA:1,1
DA:2,1
DA:10,1
LF:3
LH:3
BRF:0
BRH:0
end_of_record
TN:
SF:src/auth/resolvers/auth.resolver.ts
FN:22,(anonymous_4)
FN:45,(anonymous_5)
FN:82,(anonymous_6)
FN:111,(anonymous_7)
FN:141,(anonymous_8)
FN:42,(anonymous_9)
FN:79,(anonymous_10)
FN:107,(anonymous_11)
FN:137,(anonymous_12)
FNF:9
FNH:5
FNDA:8,(anonymous_4)
FNDA:2,(anonymous_5)
FNDA:2,(anonymous_6)
FNDA:2,(anonymous_7)
FNDA:1,(anonymous_8)
FNDA:0,(anonymous_9)
FNDA:0,(anonymous_10)
FNDA:0,(anonymous_11)
FNDA:0,(anonymous_12)
DA:1,1
DA:2,1
DA:4,1
DA:5,1
DA:6,1
DA:7,1
DA:8,1
DA:9,1
DA:10,1
DA:14,1
DA:21,1
DA:22,8
DA:42,0
DA:45,1
DA:51,2
DA:79,0
DA:82,1
DA:87,2
DA:107,0
DA:111,1
DA:116,2
DA:118,2
DA:137,0
DA:141,1
DA:142,1
DA:143,1
LF:26
LH:22
BRF:0
BRH:0
end_of_record
TN:
SF:src/auth/services/authentication.service.ts
FN:25,(anonymous_2)
FN:38,(anonymous_3)
FN:85,(anonymous_4)
FN:127,(anonymous_5)
FN:163,(anonymous_6)
FN:185,(anonymous_7)
FN:203,(anonymous_8)
FN:246,(anonymous_9)
FN:295,(anonymous_10)
FNF:9
FNH:2
FNDA:3,(anonymous_2)
FNDA:2,(anonymous_3)
FNDA:0,(anonymous_4)
FNDA:0,(anonymous_5)
FNDA:0,(anonymous_6)
FNDA:0,(anonymous_7)
FNDA:0,(anonymous_8)
FNDA:0,(anonymous_9)
FNDA:0,(anonymous_10)
DA:1,3
DA:8,3
DA:10,3
DA:11,3
DA:14,3
DA:15,3
DA:22,3
DA:23,3
DA:26,3
DA:27,3
DA:28,3
DA:29,3
DA:42,2
DA:44,2
DA:50,2
DA:51,1
DA:52,1
DA:56,1
DA:61,1
DA:62,0
DA:63,0
DA:67,1
DA:69,1
DA:70,1
DA:72,0
DA:73,0
DA:89,0
DA:90,0
DA:95,0
DA:96,0
DA:100,0
DA:103,0
DA:105,0
DA:110,0
DA:112,0
DA:113,0
DA:115,0
DA:116,0
DA:128,0
DA:130,0
DA:137,0
DA:139,0
DA:140,0
DA:143,0
DA:147,0
DA:150,0
DA:153,0
DA:154,0
DA:166,0
DA:168,0
DA:170,0
DA:171,0
DA:173,0
DA:177,0
DA:186,0
DA:188,0
DA:190,0
DA:192,0
DA:193,0
DA:207,0
DA:209,0
DA:214,0
DA:215,0
DA:219,0
DA:221,0
DA:222,0
DA:225,0
DA:229,0
DA:230,0
DA:232,0
DA:233,0
DA:251,0
DA:253,0
DA:255,0
DA:256,0
DA:260,0
DA:265,0
DA:266,0
DA:271,0
DA:274,0
DA:279,0
DA:280,0
DA:282,0
DA:283,0
DA:285,0
DA:286,0
DA:296,0
DA:297,0
DA:304,0
DA:306,0
DA:310,0
LF:91
LH:22
BRDA:50,0,0,1
BRDA:61,1,0,0
BRDA:95,2,0,0
BRDA:112,3,0,0
BRDA:143,4,0,0
BRDA:144,5,0,0
BRDA:144,5,1,0
BRDA:205,6,0,0
BRDA:214,7,0,0
BRDA:221,8,0,0
BRDA:255,9,0,0
BRDA:265,10,0,0
BRDA:282,11,0,0
BRF:13
BRH:1
end_of_record
TN:
SF:src/auth/services/password.service.ts
FN:73,(anonymous_1)
FN:90,(anonymous_2)
FN:112,(anonymous_3)
FN:212,(anonymous_4)
FN:245,(anonymous_5)
FN:257,(anonymous_6)
FN:279,(anonymous_7)
FN:288,(anonymous_8)
FN:302,(anonymous_9)
FN:329,(anonymous_10)
FN:339,(anonymous_11)
FN:347,(anonymous_12)
FN:348,(anonymous_13)
FNF:13
FNH:8
FNDA:2,(anonymous_1)
FNDA:2,(anonymous_2)
FNDA:2,(anonymous_3)
FNDA:2,(anonymous_4)
FNDA:38,(anonymous_5)
FNDA:2,(anonymous_6)
FNDA:2,(anonymous_7)
FNDA:38,(anonymous_8)
FNDA:0,(anonymous_9)
FNDA:0,(anonymous_10)
FNDA:0,(anonymous_11)
FNDA:0,(anonymous_12)
FNDA:0,(anonymous_13)
DA:1,5
DA:2,5
DA:8,5
DA:64,5
DA:65,5
DA:66,5
DA:74,2
DA:75,2
DA:76,2
DA:77,2
DA:79,0
DA:80,0
DA:94,2
DA:95,2
DA:96,2
DA:99,2
DA:101,0
DA:102,0
DA:113,2
DA:114,2
DA:117,2
DA:118,1
DA:120,1
DA:122,1
DA:123,1
DA:127,2
DA:128,2
DA:129,2
DA:130,2
DA:133,2
DA:134,2
DA:135,1
DA:137,1
DA:141,2
DA:142,1
DA:144,1
DA:148,2
DA:149,1
DA:151,1
DA:155,2
DA:156,0
DA:158,2
DA:162,2
DA:163,1
DA:167,2
DA:168,2
DA:169,0
DA:170,0
DA:174,2
DA:175,2
DA:176,0
DA:177,0
DA:181,2
DA:182,1
DA:183,1
DA:187,2
DA:191,2
DA:192,1
DA:193,1
DA:194,1
DA:196,2
DA:198,2
DA:213,2
DA:216,2
DA:226,2
DA:236,2
DA:238,2
DA:244,2
DA:246,38
DA:259,2
DA:261,2
DA:262,19
DA:263,19
DA:264,0
DA:269,2
DA:270,2
DA:280,2
DA:283,2
DA:284,1
DA:288,1
DA:290,38
DA:291,37
DA:294,1
DA:303,0
DA:304,0
DA:307,0
DA:308,0
DA:309,0
DA:310,0
DA:312,0
DA:315,0
DA:316,0
DA:317,0
DA:318,0
DA:321,0
DA:322,0
DA:323,0
DA:327,0
DA:329,0
DA:340,0
DA:348,0
DA:349,0
LF:102
LH:73
BRDA:97,0,0,1
BRDA:97,0,1,1
BRDA:117,1,0,1
BRDA:117,1,1,1
BRDA:122,2,0,1
BRDA:123,3,0,0
BRDA:133,4,0,2
BRDA:133,4,1,1
BRDA:134,5,0,1
BRDA:134,5,1,1
BRDA:141,6,0,1
BRDA:141,6,1,1
BRDA:148,7,0,1
BRDA:148,7,1,1
BRDA:155,8,0,0
BRDA:155,8,1,2
BRDA:162,9,0,1
BRDA:168,10,0,0
BRDA:175,11,0,0
BRDA:181,12,0,1
BRDA:191,13,0,1
BRDA:191,13,1,1
BRDA:192,14,0,0
BRDA:192,14,1,1
BRDA:193,15,0,0
BRDA:193,15,1,1
BRDA:196,16,0,2
BRDA:196,16,1,1
BRDA:246,17,0,38
BRDA:246,17,1,38
BRDA:262,18,0,19
BRDA:262,18,1,19
BRDA:263,19,0,0
BRDA:283,20,0,1
BRDA:290,21,0,1
BRDA:302,22,0,0
BRDA:303,23,0,0
BRF:37
BRH:28
end_of_record
TN:
SF:src/auth/services/token.service.ts
FN:16,(anonymous_2)
FN:26,(anonymous_3)
FN:58,(anonymous_4)
FN:94,(anonymous_5)
FN:114,(anonymous_6)
FN:141,(anonymous_7)
FN:163,(anonymous_8)
FN:198,(anonymous_9)
FN:225,(anonymous_10)
FNF:9
FNH:4
FNDA:2,(anonymous_2)
FNDA:1,(anonymous_3)
FNDA:1,(anonymous_4)
FNDA:1,(anonymous_5)
FNDA:0,(anonymous_6)
FNDA:0,(anonymous_7)
FNDA:0,(anonymous_8)
FNDA:0,(anonymous_9)
FNDA:0,(anonymous_10)
DA:1,4
DA:2,4
DA:3,4
DA:13,4
DA:14,2
DA:17,2
DA:18,2
DA:29,1
DA:36,1
DA:37,1
DA:42,1
DA:43,1
DA:45,0
DA:49,0
DA:61,1
DA:64,1
DA:73,1
DA:78,1
DA:81,1
DA:83,0
DA:84,0
DA:95,1
DA:96,1
DA:101,1
DA:102,1
DA:104,0
DA:105,0
DA:115,0
DA:116,0
DA:120,0
DA:122,0
DA:130,0
DA:132,0
DA:133,0
DA:142,0
DA:143,0
DA:150,0
DA:152,0
DA:153,0
DA:167,0
DA:168,0
DA:172,0
DA:176,0
DA:179,0
DA:182,0
DA:183,0
DA:187,0
DA:199,0
DA:200,0
DA:202,0
DA:203,0
DA:206,0
DA:208,0
DA:210,0
DA:212,0
DA:214,0
DA:216,0
DA:226,0
DA:228,0
DA:229,0
DA:237,0
DA:239,0
DA:242,0
DA:243,0
DA:244,0
LF:65
LH:21
BRDA:64,0,0,1
BRDA:64,0,1,0
BRDA:165,1,0,0
BRDA:168,2,0,0
BRDA:168,2,1,0
BRDA:177,3,0,0
BRDA:177,3,1,0
BRDA:182,4,0,0
BRDA:182,4,1,0
BRDA:184,5,0,0
BRDA:184,5,1,0
BRDA:202,6,0,0
BRDA:206,7,0,0
BRDA:206,7,1,0
BRDA:206,7,2,0
BRDA:206,7,3,0
BRDA:206,7,4,0
BRDA:229,8,0,0
BRDA:230,9,0,0
BRDA:230,9,1,0
BRDA:230,9,2,0
BRDA:230,9,3,0
BRDA:230,9,4,0
BRDA:230,9,5,0
BRDA:242,10,0,0
BRDA:242,10,1,0
BRF:26
BRH:1
end_of_record
TN:
SF:src/auth/strategies/jwt.strategy.ts
FN:18,(anonymous_2)
FN:38,(anonymous_3)
FNF:2
FNH:2
FNDA:6,(anonymous_2)
FNDA:5,(anonymous_3)
DA:1,1
DA:2,1
DA:3,1
DA:5,1
DA:6,1
DA:17,1
DA:19,6
DA:20,6
DA:22,6
DA:23,6
DA:24,0
DA:27,6
DA:40,5
DA:41,4
DA:43,2
DA:49,2
DA:50,2
LF:17
LH:16
BRDA:23,0,0,0
BRDA:41,1,0,2
BRF:2
BRH:1
end_of_record
TN:
SF:src/auth/strategies/refresh-jwt.strategy.ts
FN:15,(anonymous_2)
FN:26,(anonymous_3)
FN:41,(anonymous_4)
FNF:3
FNH:2
FNDA:7,(anonymous_2)
FNDA:0,(anonymous_3)
FNDA:7,(anonymous_4)
DA:1,1
DA:2,1
DA:3,1
DA:6,1
DA:7,1
DA:11,1
DA:16,7
DA:17,7
DA:19,7
DA:20,7
DA:21,0
DA:24,7
DA:27,0
DA:28,0
DA:29,0
DA:31,0
DA:45,7
DA:46,7
DA:47,2
DA:51,5
DA:52,4
DA:53,2
DA:62,2
DA:63,2
LF:24
LH:19
BRDA:20,0,0,0
BRDA:28,1,0,0
BRDA:46,2,0,2
BRDA:52,3,0,2
BRF:4
BRH:2
end_of_record
TN:
SF:src/auth/validators/email.validator.ts
FN:36,(anonymous_1)
FN:73,(anonymous_2)
FN:102,(anonymous_3)
FN:122,(anonymous_4)
FN:140,IsValidEmail
FN:143,(anonymous_6)
FNF:6
FNH:6
FNDA:60,(anonymous_1)
FNDA:6,(anonymous_2)
FNDA:25,(anonymous_3)
FNDA:60,(anonymous_4)
FNDA:1,IsValidEmail
FNDA:1,(anonymous_6)
DA:1,2
DA:12,2
DA:29,2
DA:37,60
DA:38,8
DA:43,52
DA:45,52
DA:46,15
DA:50,37
DA:51,2
DA:55,35
DA:56,35
DA:57,12
DA:61,23
DA:62,12
DA:65,11
DA:74,6
DA:76,6
DA:77,2
DA:80,4
DA:81,1
DA:84,3
DA:85,3
DA:86,1
DA:89,2
DA:90,1
DA:93,1
DA:104,25
DA:105,3
DA:109,22
DA:110,22
DA:111,4
DA:115,18
DA:122,60
DA:140,2
DA:143,1
DA:144,1
LF:37
LH:37
BRDA:37,0,0,8
BRDA:37,1,0,60
BRDA:37,1,1,56
BRDA:45,2,0,15
BRDA:50,3,0,2
BRDA:56,4,0,12
BRDA:56,5,0,35
BRDA:56,5,1,35
BRDA:61,6,0,12
BRDA:76,7,0,2
BRDA:76,8,0,6
BRDA:76,8,1,5
BRDA:80,9,0,1
BRDA:85,10,0,1
BRDA:85,11,0,3
BRDA:85,11,1,2
BRDA:89,12,0,1
BRDA:104,13,0,3
BRDA:110,14,0,4
BRDA:110,15,0,22
BRDA:110,15,1,20
BRF:21
BRH:21
end_of_record
TN:
SF:src/auth/validators/strong-password.validator.ts
FN:20,(anonymous_2)
FN:28,(anonymous_3)
FN:43,(anonymous_4)
FN:76,IsStrongPassword
FN:79,(anonymous_6)
FNF:5
FNH:5
FNDA:20,(anonymous_2)
FNDA:34,(anonymous_3)
FNDA:14,(anonymous_4)
FNDA:1,IsStrongPassword
FNDA:1,(anonymous_6)
DA:1,2
DA:2,2
DA:9,2
DA:17,2
DA:20,20
DA:29,34
DA:30,9
DA:34,25
DA:35,25
DA:44,14
DA:46,14
DA:47,7
DA:51,7
DA:53,7
DA:54,5
DA:57,2
DA:76,2
DA:79,1
DA:80,1
LF:19
LH:19
BRDA:29,0,0,9
BRDA:29,1,0,34
BRDA:29,1,1,29
BRDA:46,2,0,7
BRDA:46,3,0,14
BRDA:46,3,1,11
BRDA:53,4,0,5
BRF:7
BRH:7
end_of_record
TN:
SF:src/casl/casl-ability.factory.ts
FN:32,(anonymous_2)
FN:49,(anonymous_3)
FN:82,(anonymous_4)
FNF:3
FNH:3
FNDA:7,(anonymous_2)
FNDA:6,(anonymous_3)
FNDA:3,(anonymous_4)
DA:1,2
DA:7,2
DA:8,2
DA:9,2
DA:10,2
DA:29,2
DA:30,7
DA:32,7
DA:50,6
DA:55,6
DA:60,6
DA:61,1
DA:62,1
DA:63,5
DA:64,2
DA:65,2
DA:67,3
DA:68,3
DA:72,6
DA:73,6
DA:77,6
DA:82,6
DA:83,3
DA:84,3
DA:85,3
DA:88,3
DA:89,3
DA:90,1
DA:96,0
DA:104,3
DA:105,1
DA:108,1
DA:115,2
DA:118,2
DA:127,6
DA:133,6
DA:135,0
DA:140,0
LF:38
LH:35
BRDA:60,0,0,1
BRDA:60,0,1,5
BRDA:63,1,0,2
BRDA:63,1,1,3
BRDA:89,2,0,1
BRDA:99,3,0,0
BRDA:99,3,1,0
BRDA:104,4,0,1
BRDA:104,4,1,2
BRDA:106,5,0,1
BRDA:106,5,1,0
BRDA:116,6,0,2
BRDA:116,6,1,0
BRDA:137,7,0,0
BRDA:137,7,1,0
BRDA:138,8,0,0
BRDA:138,8,1,0
BRF:17
BRH:9
end_of_record
TN:
SF:src/casl/casl.module.ts
FNF:0
FNH:0
DA:1,0
DA:2,0
DA:3,0
DA:15,0
LF:4
LH:0
BRF:0
BRH:0
end_of_record
TN:
SF:src/casl/decorators/check-permissions.decorator.ts
FN:44,(anonymous_0)
FNF:1
FNH:1
FNDA:2,(anonymous_0)
DA:1,1
DA:21,1
DA:44,1
DA:45,2
LF:4
LH:4
BRF:0
BRH:0
end_of_record
TN:
SF:src/casl/guards/casl.guard.ts
FN:34,(anonymous_2)
FN:47,(anonymous_3)
FN:69,(anonymous_4)
FN:97,(anonymous_5)
FNF:4
FNH:0
FNDA:0,(anonymous_2)
FNDA:0,(anonymous_3)
FNDA:0,(anonymous_4)
FNDA:0,(anonymous_5)
DA:1,1
DA:8,1
DA:9,1
DA:12,1
DA:13,1
DA:14,1
DA:33,1
DA:35,0
DA:36,0
DA:49,0
DA:55,0
DA:56,0
DA:59,0
DA:61,0
DA:62,0
DA:66,0
DA:68,0
DA:69,0
DA:71,0
DA:72,0
DA:75,0
DA:76,0
DA:79,0
DA:81,0
DA:82,0
DA:84,0
DA:85,0
DA:100,0
DA:101,0
DA:102,0
DA:103,0
DA:105,0
DA:107,0
DA:111,0
LF:34
LH:7
BRDA:49,0,0,0
BRDA:49,0,1,0
BRDA:55,1,0,0
BRDA:55,2,0,0
BRDA:55,2,1,0
BRDA:61,3,0,0
BRDA:75,4,0,0
BRDA:81,5,0,0
BRDA:100,6,0,0
BRDA:100,6,1,0
BRDA:102,7,0,0
BRDA:102,7,1,0
BRDA:111,8,0,0
BRDA:111,8,1,0
BRF:14
BRH:0
end_of_record
TN:
SF:src/common/common.module.ts
FNF:0
FNH:0
DA:1,0
DA:2,0
DA:12,0
LF:3
LH:0
BRF:0
BRH:0
end_of_record
TN:
SF:src/common/config/audit.config.ts
FN:7,(anonymous_2)
FN:39,(anonymous_3)
FN:44,(anonymous_4)
FN:52,(anonymous_5)
FN:63,(anonymous_6)
FN:107,(anonymous_7)
FN:134,(anonymous_8)
FN:162,(anonymous_9)
FN:185,(anonymous_10)
FNF:9
FNH:1
FNDA:1,(anonymous_2)
FNDA:0,(anonymous_3)
FNDA:0,(anonymous_4)
FNDA:0,(anonymous_5)
FNDA:0,(anonymous_6)
FNDA:0,(anonymous_7)
FNDA:0,(anonymous_8)
FNDA:0,(anonymous_9)
FNDA:0,(anonymous_10)
DA:1,1
DA:2,1
DA:7,1
DA:8,1
DA:9,1
DA:10,1
DA:11,1
DA:12,1
DA:13,1
DA:14,1
DA:15,1
DA:16,1
DA:38,1
DA:39,0
DA:45,0
DA:46,0
DA:53,0
DA:54,0
DA:64,0
DA:114,0
DA:116,0
DA:141,0
DA:168,0
DA:190,0
LF:24
LH:13
BRDA:7,0,0,1
BRDA:7,0,1,1
BRF:2
BRH:2
end_of_record
TN:
SF:src/common/config/feature-flags.config.ts
FN:10,(anonymous_2)
FN:16,(anonymous_3)
FN:24,(anonymous_4)
FN:35,(anonymous_5)
FNF:4
FNH:0
FNDA:0,(anonymous_2)
FNDA:0,(anonymous_3)
FNDA:0,(anonymous_4)
FNDA:0,(anonymous_5)
DA:1,1
DA:2,1
DA:9,1
DA:10,0
DA:17,0
DA:25,0
DA:36,0
LF:7
LH:3
BRF:0
BRH:0
end_of_record
TN:
SF:src/common/constants/error-messages.constants.ts
FNF:0
FNH:0
DA:6,1
DA:49,1
LF:2
LH:2
BRF:0
BRH:0
end_of_record
TN:
SF:src/common/decorators/current-user.decorator.ts
FN:38,(anonymous_0)
FNF:1
FNH:0
FNDA:0,(anonymous_0)
DA:1,1
DA:6,1
DA:9,1
DA:37,1
DA:41,0
DA:42,0
DA:43,0
DA:44,0
DA:45,0
DA:48,0
DA:53,0
DA:57,0
DA:58,0
DA:61,0
DA:66,0
LF:15
LH:4
BRDA:41,0,0,0
BRDA:41,0,1,0
BRDA:43,1,0,0
BRDA:43,1,1,0
BRDA:57,2,0,0
BRF:5
BRH:0
end_of_record
TN:
SF:src/common/decorators/public.decorator.ts
FN:7,(anonymous_0)
FNF:1
FNH:1
FNDA:2,(anonymous_0)
DA:1,2
DA:4,2
DA:7,2
DA:8,2
LF:4
LH:4
BRF:0
BRH:0
end_of_record
TN:
SF:src/common/filters/global-exception.filter.ts
FN:24,(anonymous_1)
FN:41,(anonymous_2)
FN:72,(anonymous_3)
FN:92,(anonymous_4)
FN:107,(anonymous_5)
FN:119,(anonymous_6)
FNF:6
FNH:0
FNDA:0,(anonymous_1)
FNDA:0,(anonymous_2)
FNDA:0,(anonymous_3)
FNDA:0,(anonymous_4)
FNDA:0,(anonymous_5)
FNDA:0,(anonymous_6)
DA:1,0
DA:16,0
DA:17,0
DA:25,0
DA:27,0
DA:28,0
DA:29,0
DA:30,0
DA:32,0
DA:42,0
DA:43,0
DA:44,0
DA:46,0
DA:47,0
DA:49,0
DA:58,0
DA:65,0
DA:73,0
DA:74,0
DA:77,0
DA:85,0
DA:93,0
DA:95,0
DA:108,0
DA:109,0
DA:111,0
DA:120,0
DA:121,0
DA:122,0
DA:123,0
DA:125,0
DA:130,0
DA:131,0
DA:132,0
DA:134,0
DA:135,0
DA:140,0
DA:141,0
DA:144,0
LF:39
LH:0
BRDA:27,0,0,0
BRDA:27,0,1,0
BRDA:29,1,0,0
BRDA:29,1,1,0
BRDA:60,2,0,0
BRDA:60,2,1,0
BRDA:81,3,0,0
BRDA:81,3,1,0
BRDA:98,4,0,0
BRDA:98,4,1,0
BRDA:108,5,0,0
BRDA:120,6,0,0
BRDA:122,7,0,0
BRDA:125,8,0,0
BRDA:126,9,0,0
BRDA:126,9,1,0
BRDA:126,9,2,0
BRDA:131,10,0,0
BRDA:134,11,0,0
BRDA:140,12,0,0
BRF:20
BRH:0
end_of_record
TN:
SF:src/common/guards/rate-limit.guard.ts
FN:29,(anonymous_2)
FN:44,(anonymous_3)
FN:51,(anonymous_4)
FN:118,(anonymous_5)
FN:132,(anonymous_6)
FNF:5
FNH:4
FNDA:4,(anonymous_2)
FNDA:17,(anonymous_3)
FNDA:25,(anonymous_4)
FNDA:24,(anonymous_5)
FNDA:0,(anonymous_6)
DA:1,2
DA:9,2
DA:23,2
DA:29,2
DA:30,4
DA:37,2
DA:38,17
DA:39,17
DA:44,17
DA:52,25
DA:58,25
DA:59,1
DA:62,24
DA:63,24
DA:64,24
DA:67,24
DA:70,24
DA:73,24
DA:74,14
DA:81,24
DA:82,24
DA:85,24
DA:86,5
DA:97,5
DA:104,19
DA:106,0
DA:109,19
DA:119,24
DA:133,0
DA:134,0
DA:135,0
DA:136,0
DA:137,0
DA:141,0
DA:142,0
LF:35
LH:27
BRDA:58,0,0,1
BRDA:73,1,0,14
BRDA:73,2,0,24
BRDA:73,2,1,11
BRDA:85,3,0,5
BRDA:104,4,0,0
BRDA:120,5,0,24
BRDA:120,5,1,0
BRDA:120,5,2,0
BRDA:120,5,3,0
BRDA:120,6,0,24
BRDA:120,6,1,23
BRDA:135,7,0,0
BRDA:141,8,0,0
BRF:14
BRH:8
end_of_record
TN:
SF:src/common/interceptors/audit.interceptor.ts
FN:25,(anonymous_2)
FN:42,(anonymous_3)
FN:54,(anonymous_4)
FN:79,(anonymous_5)
FN:89,(anonymous_6)
FN:110,(anonymous_7)
FN:165,(anonymous_8)
FN:181,(anonymous_9)
FN:206,(anonymous_10)
FN:217,(anonymous_11)
FN:232,(anonymous_12)
FN:262,(anonymous_13)
FN:263,(anonymous_14)
FN:278,(anonymous_15)
FN:308,(anonymous_16)
FN:309,(anonymous_17)
FN:324,(anonymous_18)
FNF:17
FNH:0
FNDA:0,(anonymous_2)
FNDA:0,(anonymous_3)
FNDA:0,(anonymous_4)
FNDA:0,(anonymous_5)
FNDA:0,(anonymous_6)
FNDA:0,(anonymous_7)
FNDA:0,(anonymous_8)
FNDA:0,(anonymous_9)
FNDA:0,(anonymous_10)
FNDA:0,(anonymous_11)
FNDA:0,(anonymous_12)
FNDA:0,(anonymous_13)
FNDA:0,(anonymous_14)
FNDA:0,(anonymous_15)
FNDA:0,(anonymous_16)
FNDA:0,(anonymous_17)
FNDA:0,(anonymous_18)
DA:1,0
DA:9,0
DA:12,0
DA:14,0
DA:15,0
DA:18,0
DA:25,0
DA:32,0
DA:39,0
DA:40,0
DA:43,0
DA:44,0
DA:45,0
DA:56,0
DA:57,0
DA:61,0
DA:67,0
DA:68,0
DA:71,0
DA:72,0
DA:73,0
DA:76,0
DA:78,0
DA:81,0
DA:91,0
DA:98,0
DA:124,0
DA:125,0
DA:126,0
DA:127,0
DA:132,0
DA:133,0
DA:136,0
DA:146,0
DA:166,0
DA:185,0
DA:186,0
DA:189,0
DA:191,0
DA:192,0
DA:193,0
DA:197,0
DA:207,0
DA:208,0
DA:220,0
DA:242,0
DA:246,0
DA:247,0
DA:250,0
DA:262,0
DA:263,0
DA:264,0
DA:288,0
DA:290,0
DA:292,0
DA:308,0
DA:309,0
DA:310,0
DA:325,0
DA:326,0
DA:329,0
DA:332,0
DA:333,0
DA:334,0
DA:335,0
DA:339,0
LF:66
LH:0
BRDA:56,0,0,0
BRDA:67,1,0,0
BRDA:126,2,0,0
BRDA:126,2,1,0
BRDA:132,3,0,0
BRDA:147,4,0,0
BRDA:147,4,1,0
BRDA:167,5,0,0
BRDA:167,5,1,0
BRDA:167,5,2,0
BRDA:167,5,3,0
BRDA:167,6,0,0
BRDA:167,6,1,0
BRDA:183,7,0,0
BRDA:185,8,0,0
BRDA:185,9,0,0
BRDA:185,9,1,0
BRDA:192,10,0,0
BRDA:208,11,0,0
BRDA:208,11,1,0
BRDA:220,12,0,0
BRDA:220,12,1,0
BRDA:220,12,2,0
BRDA:246,13,0,0
BRDA:246,14,0,0
BRDA:246,14,1,0
BRDA:290,15,0,0
BRDA:290,15,1,0
BRDA:295,16,0,0
BRDA:295,16,1,0
BRDA:325,17,0,0
BRDA:325,18,0,0
BRDA:325,18,1,0
BRDA:334,19,0,0
BRF:34
BRH:0
end_of_record
TN:
SF:src/common/services/audit-cleanup.service.ts
FN:13,(anonymous_2)
FN:22,(anonymous_3)
FN:41,(anonymous_4)
FN:66,(anonymous_5)
FNF:4
FNH:0
FNDA:0,(anonymous_2)
FNDA:0,(anonymous_3)
FNDA:0,(anonymous_4)
FNDA:0,(anonymous_5)
DA:1,0
DA:2,0
DA:3,0
DA:10,0
DA:11,0
DA:14,0
DA:15,0
DA:23,0
DA:25,0
DA:26,0
DA:28,0
DA:30,0
DA:32,0
DA:33,0
DA:42,0
DA:44,0
DA:45,0
DA:53,0
DA:55,0
DA:57,0
DA:58,0
DA:72,0
DA:74,0
DA:93,0
DA:100,0
DA:101,0
LF:26
LH:0
BRDA:96,0,0,0
BRDA:96,0,1,0
BRDA:97,1,0,0
BRDA:97,1,1,0
BRF:4
BRH:0
end_of_record
TN:
SF:src/common/services/audit.service.ts
FN:26,(anonymous_2)
FN:41,(anonymous_3)
FN:72,(anonymous_4)
FN:107,(anonymous_5)
FN:139,(anonymous_6)
FN:165,(anonymous_7)
FN:175,(anonymous_8)
FN:191,(anonymous_9)
FN:205,(anonymous_10)
FN:230,(anonymous_11)
FN:241,(anonymous_12)
FN:247,(anonymous_13)
FN:257,(anonymous_14)
FN:287,(anonymous_15)
FN:334,(anonymous_16)
FN:381,(anonymous_17)
FNF:16
FNH:13
FNDA:7,(anonymous_2)
FNDA:3,(anonymous_3)
FNDA:2,(anonymous_4)
FNDA:2,(anonymous_5)
FNDA:2,(anonymous_6)
FNDA:7,(anonymous_7)
FNDA:2,(anonymous_8)
FNDA:2,(anonymous_9)
FNDA:0,(anonymous_10)
FNDA:2,(anonymous_11)
FNDA:7,(anonymous_12)
FNDA:0,(anonymous_13)
FNDA:2,(anonymous_14)
FNDA:0,(anonymous_15)
FNDA:1,(anonymous_16)
FNDA:7,(anonymous_17)
DA:1,1
DA:2,1
DA:4,1
DA:5,1
DA:6,1
DA:7,1
DA:8,1
DA:21,1
DA:22,7
DA:23,7
DA:27,7
DA:28,7
DA:29,7
DA:30,7
DA:33,7
DA:42,3
DA:43,1
DA:46,2
DA:48,2
DA:49,2
DA:52,2
DA:58,1
DA:59,0
DA:62,1
DA:73,2
DA:75,2
DA:77,2
DA:95,1
DA:97,1
DA:98,1
DA:108,2
DA:109,0
DA:112,2
DA:123,2
DA:126,2
DA:129,0
DA:140,2
DA:142,2
DA:143,2
DA:146,2
DA:147,2
DA:150,2
DA:151,2
DA:154,2
DA:155,2
DA:158,2
DA:166,7
DA:167,5
DA:170,2
DA:171,2
DA:172,2
DA:175,2
DA:177,2
DA:179,2
DA:180,2
DA:182,0
DA:192,2
DA:193,2
DA:194,2
DA:196,0
DA:206,0
DA:207,0
DA:218,0
DA:220,0
DA:231,2
DA:232,2
DA:233,2
DA:234,2
DA:242,7
DA:243,0
DA:246,7
DA:247,7
DA:248,0
DA:258,2
DA:259,2
DA:260,2
DA:261,2
DA:263,2
DA:265,2
DA:268,2
DA:269,2
DA:271,2
DA:272,2
DA:282,1
DA:283,1
DA:284,1
DA:287,0
DA:288,0
DA:296,0
DA:297,0
DA:299,0
DA:304,1
DA:305,1
DA:309,1
DA:317,1
DA:318,1
DA:319,1
DA:321,1
DA:335,1
DA:337,1
DA:339,1
DA:341,1
DA:348,1
DA:353,1
DA:358,1
DA:362,1
DA:363,2
DA:366,1
DA:373,0
DA:374,0
DA:382,7
DA:383,7
DA:385,7
LF:113
LH:95
BRDA:42,0,0,1
BRDA:58,1,0,0
BRDA:108,2,0,0
BRDA:118,3,0,2
BRDA:118,3,1,0
BRDA:126,4,0,0
BRDA:142,5,0,2
BRDA:146,6,0,2
BRDA:147,7,0,2
BRDA:147,7,1,0
BRDA:150,8,0,2
BRDA:154,9,0,2
BRDA:166,10,0,5
BRDA:211,11,0,0
BRDA:211,11,1,0
BRDA:242,12,0,0
BRDA:282,13,0,1
BRDA:317,14,0,1
BRDA:317,14,1,0
BRDA:382,15,0,7
BRF:20
BRH:11
end_of_record
TN:
SF:src/common/types/audit.types.ts
FN:4,(anonymous_0)
FN:108,(anonymous_1)
FNF:2
FNH:0
FNDA:0,(anonymous_0)
FNDA:0,(anonymous_1)
DA:4,0
DA:5,0
DA:6,0
DA:7,0
DA:8,0
DA:9,0
DA:10,0
DA:11,0
DA:12,0
DA:13,0
DA:108,0
DA:109,0
DA:110,0
DA:111,0
LF:14
LH:0
BRDA:4,0,0,0
BRDA:4,0,1,0
BRDA:108,1,0,0
BRDA:108,1,1,0
BRF:4
BRH:0
end_of_record
TN:
SF:src/config/config.module.ts
FNF:0
FNH:0
DA:1,0
DA:2,0
DA:16,0
LF:3
LH:0
BRF:0
BRH:0
end_of_record
TN:
SF:src/database/prisma.module.ts
FNF:0
FNH:0
DA:1,0
DA:2,0
DA:13,0
LF:3
LH:0
BRF:0
BRH:0
end_of_record
TN:
SF:src/database/prisma.service.ts
FN:17,(anonymous_1)
FN:25,(anonymous_2)
FNF:2
FNH:0
FNDA:0,(anonymous_1)
FNDA:0,(anonymous_2)
DA:1,9
DA:2,9
DA:9,9
DA:18,0
DA:26,0
LF:5
LH:3
BRF:0
BRH:0
end_of_record
TN:
SF:src/permissions/permissions.module.ts
FNF:0
FNH:0
DA:1,0
DA:2,0
DA:13,0
LF:3
LH:0
BRF:0
BRH:0
end_of_record
TN:
SF:src/permissions/permissions.service.ts
FN:13,(anonymous_2)
FN:21,(anonymous_3)
FN:52,(anonymous_4)
FNF:3
FNH:0
FNDA:0,(anonymous_2)
FNDA:0,(anonymous_3)
FNDA:0,(anonymous_4)
DA:1,2
DA:3,2
DA:10,2
DA:11,0
DA:13,0
DA:22,0
DA:24,0
DA:25,0
DA:29,0
DA:34,0
DA:36,0
DA:41,0
DA:55,0
DA:61,0
DA:62,0
DA:64,0
DA:71,0
DA:73,0
DA:79,0
LF:19
LH:3
BRDA:38,0,0,0
BRDA:38,0,1,0
BRDA:39,1,0,0
BRDA:39,1,1,0
BRDA:76,2,0,0
BRDA:76,2,1,0
BRDA:77,3,0,0
BRDA:77,3,1,0
BRF:8
BRH:0
end_of_record
TN:
SF:src/permissions/entities/permission.entity.ts
FN:8,(anonymous_2)
FN:41,(anonymous_3)
FN:48,(anonymous_4)
FN:57,(anonymous_5)
FN:66,(anonymous_6)
FN:76,(anonymous_7)
FN:86,(anonymous_8)
FN:96,(anonymous_9)
FNF:8
FNH:1
FNDA:2,(anonymous_2)
FNDA:0,(anonymous_3)
FNDA:0,(anonymous_4)
FNDA:0,(anonymous_5)
FNDA:0,(anonymous_6)
FNDA:0,(anonymous_7)
FNDA:0,(anonymous_8)
FNDA:0,(anonymous_9)
DA:1,2
DA:2,2
DA:8,2
DA:9,2
DA:10,2
DA:11,2
DA:12,2
DA:13,2
DA:17,2
DA:23,2
DA:36,2
DA:41,0
DA:42,2
DA:48,0
DA:51,2
DA:57,0
DA:60,2
DA:66,0
DA:70,2
DA:76,0
DA:80,2
DA:86,0
DA:90,2
DA:96,0
DA:100,2
LF:25
LH:18
BRDA:8,0,0,2
BRDA:8,0,1,2
BRF:2
BRH:2
end_of_record
TN:
SF:src/users/users.module.ts
FNF:0
FNH:0
DA:1,0
DA:2,0
DA:14,0
LF:3
LH:0
BRF:0
BRH:0
end_of_record
TN:
SF:src/users/users.service.ts
FN:14,(anonymous_2)
FN:21,(anonymous_3)
FN:39,(anonymous_4)
FN:57,(anonymous_5)
FN:80,(anonymous_6)
FN:112,(anonymous_7)
FN:146,(anonymous_8)
FNF:7
FNH:5
FNDA:6,(anonymous_2)
FNDA:2,(anonymous_3)
FNDA:1,(anonymous_4)
FNDA:1,(anonymous_5)
FNDA:1,(anonymous_6)
FNDA:0,(anonymous_7)
FNDA:0,(anonymous_8)
DA:1,7
DA:3,7
DA:4,7
DA:11,7
DA:12,6
DA:14,6
DA:22,2
DA:23,2
DA:24,2
DA:25,1
DA:27,2
DA:29,0
DA:30,0
DA:40,1
DA:41,1
DA:42,1
DA:43,1
DA:45,1
DA:47,0
DA:48,0
DA:58,1
DA:59,1
DA:60,1
DA:61,1
DA:63,1
DA:65,0
DA:69,0
DA:81,1
DA:83,1
DA:84,1
DA:86,1
DA:93,1
DA:96,1
DA:98,0
DA:99,0
DA:116,0
DA:118,0
DA:120,0
DA:121,0
DA:122,0
DA:125,0
DA:130,0
DA:133,0
DA:135,0
DA:136,0
DA:147,0
DA:148,0
DA:150,0
DA:153,0
DA:155,0
DA:156,0
LF:51
LH:27
BRDA:24,0,0,1
BRDA:42,1,0,1
BRDA:60,2,0,1
BRDA:120,3,0,0
BRF:4
BRH:3
end_of_record
TN:
SF:src/users/entities/user.entity.ts
FN:16,(anonymous_2)
FN:23,(anonymous_3)
FN:30,(anonymous_4)
FN:39,(anonymous_5)
FN:46,(anonymous_6)
FN:53,(anonymous_7)
FNF:6
FNH:0
FNDA:0,(anonymous_2)
FNDA:0,(anonymous_3)
FNDA:0,(anonymous_4)
FNDA:0,(anonymous_5)
FNDA:0,(anonymous_6)
FNDA:0,(anonymous_7)
DA:1,2
DA:2,2
DA:11,2
DA:16,0
DA:17,2
DA:23,0
DA:24,2
DA:30,0
DA:31,2
DA:39,0
DA:40,2
DA:46,0
DA:47,2
DA:53,0
DA:56,2
LF:15
LH:9
BRF:0
BRH:0
end_of_record
TN:
SF:src/users/resolvers/users.resolver.ts
FN:61,(anonymous_4)
FN:86,(anonymous_5)
FN:119,(anonymous_6)
FN:152,(anonymous_7)
FN:202,(anonymous_8)
FN:83,(anonymous_9)
FN:113,(anonymous_10)
FN:120,(anonymous_11)
FN:149,(anonymous_12)
FN:197,(anonymous_13)
FN:203,(anonymous_14)
FN:58,(anonymous_15)
FNF:12
FNH:5
FNDA:7,(anonymous_4)
FNDA:1,(anonymous_5)
FNDA:2,(anonymous_6)
FNDA:3,(anonymous_7)
FNDA:0,(anonymous_8)
FNDA:0,(anonymous_9)
FNDA:0,(anonymous_10)
FNDA:0,(anonymous_11)
FNDA:0,(anonymous_12)
FNDA:0,(anonymous_13)
FNDA:0,(anonymous_14)
FNDA:2,(anonymous_15)
DA:1,1
DA:2,1
DA:13,1
DA:14,1
DA:15,1
DA:16,1
DA:17,1
DA:18,1
DA:19,1
DA:20,1
DA:27,1
DA:30,1
DA:34,1
DA:38,1
DA:42,1
DA:51,1
DA:58,2
DA:60,1
DA:61,7
DA:83,0
DA:86,1
DA:91,1
DA:113,0
DA:119,1
DA:120,0
DA:122,2
DA:123,2
DA:149,0
DA:152,1
DA:157,3
DA:159,3
DA:160,3
DA:161,3
DA:162,1
DA:163,3
DA:164,0
DA:166,3
DA:168,1
DA:171,2
DA:175,2
DA:197,0
DA:202,1
DA:203,0
DA:207,0
DA:208,0
DA:210,0
DA:211,0
LF:47
LH:36
BRDA:160,0,0,2
BRDA:161,1,0,1
BRDA:163,2,0,0
BRDA:166,3,0,1
BRDA:207,4,0,0
BRF:5
BRH:3
end_of_record
